{"G:\\github\\forum\\src\\App.js": {"path":"G:\\github\\forum\\src\\App.js","statementMap":{"0":{"start":{"line":13,"column":8},"end":{"line":29,"column":10}}},"fnMap":{"0":{"name":"(anonymous_0)","decl":{"start":{"line":12,"column":4},"end":{"line":12,"column":5}},"loc":{"start":{"line":12,"column":13},"end":{"line":30,"column":5}},"line":12}},"branchMap":{},"s":{"0":1},"f":{"0":1},"b":{},"_coverageSchema":"332fd63041d2c1bcb487cc26dd0d5f7d97098a6c","hash":"1bebb7556d1a6651a5f21a33b258ee3807b0d184"}
,"G:\\github\\forum\\src\\index.js": {"path":"G:\\github\\forum\\src\\index.js","statementMap":{"0":{"start":{"line":1,"column":32},"end":{"line":1,"column":66}},"1":{"start":{"line":1,"column":80},"end":{"line":1,"column":96}},"2":{"start":{"line":1,"column":111},"end":{"line":1,"column":141}},"3":{"start":{"line":2,"column":16},"end":{"line":2,"column":36}},"4":{"start":{"line":2,"column":54},"end":{"line":2,"column":87}},"5":{"start":{"line":3,"column":0},"end":{"line":3,"column":23}},"6":{"start":{"line":4,"column":11},"end":{"line":4,"column":27}},"7":{"start":{"line":4,"column":40},"end":{"line":4,"column":68}},"8":{"start":{"line":5,"column":29},"end":{"line":5,"column":63}},"9":{"start":{"line":5,"column":94},"end":{"line":5,"column":140}},"10":{"start":{"line":5,"column":179},"end":{"line":5,"column":233}},"11":{"start":{"line":7,"column":0},"end":{"line":7,"column":181}},"12":{"start":{"line":8,"column":0},"end":{"line":8,"column":39}}},"fnMap":{"0":{"name":"_interopRequireDefault","decl":{"start":{"line":5,"column":150},"end":{"line":5,"column":172}},"loc":{"start":{"line":5,"column":178},"end":{"line":5,"column":234}},"line":5}},"branchMap":{"0":{"loc":{"start":{"line":5,"column":186},"end":{"line":5,"column":232}},"type":"cond-expr","locations":[{"start":{"line":5,"column":210},"end":{"line":5,"column":213}},{"start":{"line":5,"column":216},"end":{"line":5,"column":232}}],"line":5},"1":{"loc":{"start":{"line":5,"column":186},"end":{"line":5,"column":207}},"type":"binary-expr","locations":[{"start":{"line":5,"column":186},"end":{"line":5,"column":189}},{"start":{"line":5,"column":193},"end":{"line":5,"column":207}}],"line":5}},"s":{"0":0,"1":0,"2":0,"3":0,"4":0,"5":0,"6":0,"7":0,"8":0,"9":0,"10":0,"11":0,"12":0},"f":{"0":0},"b":{"0":[0,0],"1":[0,0]}}
,"G:\\github\\forum\\src\\registerServiceWorker.js": {"path":"G:\\github\\forum\\src\\registerServiceWorker.js","statementMap":{"0":{"start":{"line":1,"column":13},"end":{"line":1,"column":75}},"1":{"start":{"line":1,"column":75},"end":{"line":21,"column":9}},"2":{"start":{"line":21,"column":9},"end":{"line":111,"column":24}},"3":{"start":{"line":118,"column":20},"end":{"line":120,"column":89}},"4":{"start":{"line":120,"column":111},"end":{"line":128,"column":36}},"5":{"start":{"line":121,"column":22},"end":{"line":121,"column":70}},"6":{"start":{"line":121,"column":71},"end":{"line":124,"column":14}},"7":{"start":{"line":124,"column":6},"end":{"line":124,"column":13}},"8":{"start":{"line":124,"column":14},"end":{"line":128,"column":35}},"9":{"start":{"line":124,"column":67},"end":{"line":124,"column":112}},"10":{"start":{"line":124,"column":113},"end":{"line":128,"column":32}},"11":{"start":{"line":125,"column":8},"end":{"line":125,"column":39}},"12":{"start":{"line":127,"column":8},"end":{"line":127,"column":178}},"13":{"start":{"line":127,"column":50},"end":{"line":127,"column":175}},"14":{"start":{"line":128,"column":8},"end":{"line":128,"column":31}},"15":{"start":{"line":128,"column":70},"end":{"line":135,"column":156}},"16":{"start":{"line":128,"column":132},"end":{"line":135,"column":68}},"17":{"start":{"line":128,"column":193},"end":{"line":128,"column":216}},"18":{"start":{"line":128,"column":217},"end":{"line":135,"column":66}},"19":{"start":{"line":128,"column":257},"end":{"line":135,"column":64}},"20":{"start":{"line":128,"column":302},"end":{"line":135,"column":63}},"21":{"start":{"line":132,"column":12},"end":{"line":132,"column":69}},"22":{"start":{"line":135,"column":12},"end":{"line":135,"column":62}},"23":{"start":{"line":135,"column":87},"end":{"line":135,"column":153}},"24":{"start":{"line":136,"column":2},"end":{"line":139,"column":126}},"25":{"start":{"line":137,"column":4},"end":{"line":139,"column":30}},"26":{"start":{"line":138,"column":6},"end":{"line":138,"column":127}},"27":{"start":{"line":138,"column":58},"end":{"line":138,"column":124}},"28":{"start":{"line":138,"column":96},"end":{"line":138,"column":121}},"29":{"start":{"line":139,"column":6},"end":{"line":139,"column":29}},"30":{"start":{"line":139,"column":46},"end":{"line":139,"column":123}},"31":{"start":{"line":139,"column":150},"end":{"line":139,"column":267}},"32":{"start":{"line":139,"column":185},"end":{"line":139,"column":266}},"33":{"start":{"line":139,"column":237},"end":{"line":139,"column":263}}},"fnMap":{"0":{"name":"register","decl":{"start":{"line":120,"column":99},"end":{"line":120,"column":107}},"loc":{"start":{"line":120,"column":110},"end":{"line":128,"column":37}},"line":120},"1":{"name":"(anonymous_1)","decl":{"start":{"line":124,"column":46},"end":{"line":124,"column":47}},"loc":{"start":{"line":124,"column":52},"end":{"line":128,"column":33}},"line":124},"2":{"name":"(anonymous_2)","decl":{"start":{"line":127,"column":43},"end":{"line":127,"column":44}},"loc":{"start":{"line":127,"column":49},"end":{"line":127,"column":176}},"line":127},"3":{"name":"registerValidSW","decl":{"start":{"line":128,"column":46},"end":{"line":128,"column":61}},"loc":{"start":{"line":128,"column":69},"end":{"line":135,"column":157}},"line":128},"4":{"name":"(anonymous_4)","decl":{"start":{"line":128,"column":115},"end":{"line":128,"column":116}},"loc":{"start":{"line":128,"column":131},"end":{"line":135,"column":69}},"line":128},"5":{"name":"(anonymous_5)","decl":{"start":{"line":128,"column":161},"end":{"line":128,"column":162}},"loc":{"start":{"line":128,"column":167},"end":{"line":135,"column":67}},"line":128},"6":{"name":"(anonymous_6)","decl":{"start":{"line":128,"column":250},"end":{"line":128,"column":251}},"loc":{"start":{"line":128,"column":256},"end":{"line":135,"column":65}},"line":128},"7":{"name":"(anonymous_7)","decl":{"start":{"line":135,"column":77},"end":{"line":135,"column":78}},"loc":{"start":{"line":135,"column":86},"end":{"line":135,"column":154}},"line":135},"8":{"name":"checkValidServiceWorker","decl":{"start":{"line":135,"column":166},"end":{"line":135,"column":189}},"loc":{"start":{"line":135,"column":197},"end":{"line":139,"column":127}},"line":135},"9":{"name":"(anonymous_9)","decl":{"start":{"line":136,"column":20},"end":{"line":136,"column":21}},"loc":{"start":{"line":136,"column":32},"end":{"line":139,"column":31}},"line":136},"10":{"name":"(anonymous_10)","decl":{"start":{"line":138,"column":41},"end":{"line":138,"column":42}},"loc":{"start":{"line":138,"column":57},"end":{"line":138,"column":125}},"line":138},"11":{"name":"(anonymous_11)","decl":{"start":{"line":138,"column":89},"end":{"line":138,"column":90}},"loc":{"start":{"line":138,"column":95},"end":{"line":138,"column":122}},"line":138},"12":{"name":"(anonymous_12)","decl":{"start":{"line":139,"column":39},"end":{"line":139,"column":40}},"loc":{"start":{"line":139,"column":45},"end":{"line":139,"column":124}},"line":139},"13":{"name":"unregister","decl":{"start":{"line":139,"column":136},"end":{"line":139,"column":146}},"loc":{"start":{"line":139,"column":149},"end":{"line":139,"column":268}},"line":139},"14":{"name":"(anonymous_14)","decl":{"start":{"line":139,"column":220},"end":{"line":139,"column":221}},"loc":{"start":{"line":139,"column":236},"end":{"line":139,"column":264}},"line":139}},"branchMap":{"0":{"loc":{"start":{"line":118,"column":28},"end":{"line":120,"column":88}},"type":"binary-expr","locations":[{"start":{"line":118,"column":28},"end":{"line":118,"column":68}},{"start":{"line":119,"column":0},"end":{"line":119,"column":36}},{"start":{"line":120,"column":0},"end":{"line":120,"column":88}}],"line":118},"1":{"loc":{"start":{"line":120,"column":111},"end":{"line":128,"column":36}},"type":"if","locations":[{"start":{"line":120,"column":111},"end":{"line":128,"column":36}},{"start":{"line":120,"column":111},"end":{"line":128,"column":36}}],"line":120},"2":{"loc":{"start":{"line":120,"column":115},"end":{"line":120,"column":184}},"type":"binary-expr","locations":[{"start":{"line":120,"column":115},"end":{"line":120,"column":152}},{"start":{"line":120,"column":156},"end":{"line":120,"column":184}}],"line":120},"3":{"loc":{"start":{"line":121,"column":71},"end":{"line":124,"column":14}},"type":"if","locations":[{"start":{"line":121,"column":71},"end":{"line":124,"column":14}},{"start":{"line":121,"column":71},"end":{"line":124,"column":14}}],"line":121},"4":{"loc":{"start":{"line":124,"column":113},"end":{"line":128,"column":32}},"type":"if","locations":[{"start":{"line":124,"column":113},"end":{"line":128,"column":32}},{"start":{"line":124,"column":113},"end":{"line":128,"column":32}}],"line":124},"5":{"loc":{"start":{"line":128,"column":257},"end":{"line":135,"column":64}},"type":"if","locations":[{"start":{"line":128,"column":257},"end":{"line":135,"column":64}},{"start":{"line":128,"column":257},"end":{"line":135,"column":64}}],"line":128},"6":{"loc":{"start":{"line":128,"column":302},"end":{"line":135,"column":63}},"type":"if","locations":[{"start":{"line":128,"column":302},"end":{"line":135,"column":63}},{"start":{"line":128,"column":302},"end":{"line":135,"column":63}}],"line":128},"7":{"loc":{"start":{"line":137,"column":4},"end":{"line":139,"column":30}},"type":"if","locations":[{"start":{"line":137,"column":4},"end":{"line":139,"column":30}},{"start":{"line":137,"column":4},"end":{"line":139,"column":30}}],"line":137},"8":{"loc":{"start":{"line":137,"column":8},"end":{"line":137,"column":100}},"type":"binary-expr","locations":[{"start":{"line":137,"column":8},"end":{"line":137,"column":31}},{"start":{"line":137,"column":35},"end":{"line":137,"column":100}}],"line":137},"9":{"loc":{"start":{"line":139,"column":150},"end":{"line":139,"column":267}},"type":"if","locations":[{"start":{"line":139,"column":150},"end":{"line":139,"column":267}},{"start":{"line":139,"column":150},"end":{"line":139,"column":267}}],"line":139}},"s":{"0":0,"1":0,"2":0,"3":0,"4":0,"5":0,"6":0,"7":0,"8":0,"9":0,"10":0,"11":0,"12":0,"13":0,"14":0,"15":0,"16":0,"17":0,"18":0,"19":0,"20":0,"21":0,"22":0,"23":0,"24":0,"25":0,"26":0,"27":0,"28":0,"29":0,"30":0,"31":0,"32":0,"33":0},"f":{"0":0,"1":0,"2":0,"3":0,"4":0,"5":0,"6":0,"7":0,"8":0,"9":0,"10":0,"11":0,"12":0,"13":0,"14":0},"b":{"0":[0,0,0],"1":[0,0],"2":[0,0],"3":[0,0],"4":[0,0],"5":[0,0],"6":[0,0],"7":[0,0],"8":[0,0],"9":[0,0]}}
,"G:\\github\\forum\\src\\setupTests.js": {"path":"G:\\github\\forum\\src\\setupTests.js","statementMap":{"0":{"start":{"line":4,"column":0},"end":{"line":4,"column":45}}},"fnMap":{},"branchMap":{},"s":{"0":9},"f":{},"b":{},"_coverageSchema":"332fd63041d2c1bcb487cc26dd0d5f7d97098a6c","hash":"5b304ab0b47a92361d42a7c0624096d3c235f716"}
,"G:\\github\\forum\\src\\store.js": {"path":"G:\\github\\forum\\src\\store.js","statementMap":{"0":{"start":{"line":6,"column":24},"end":{"line":13,"column":1}},"1":{"start":{"line":20,"column":14},"end":{"line":24,"column":1}}},"fnMap":{},"branchMap":{},"s":{"0":1,"1":1},"f":{},"b":{},"_coverageSchema":"332fd63041d2c1bcb487cc26dd0d5f7d97098a6c","hash":"f23662d44758cbf4e0d500b73212dff981b64f74"}
,"G:\\github\\forum\\src\\action\\discussion.js": {"path":"G:\\github\\forum\\src\\action\\discussion.js","statementMap":{"0":{"start":{"line":5,"column":32},"end":{"line":20,"column":1}},"1":{"start":{"line":6,"column":4},"end":{"line":19,"column":5}},"2":{"start":{"line":7,"column":8},"end":{"line":18,"column":9}},"3":{"start":{"line":8,"column":24},"end":{"line":8,"column":40}},"4":{"start":{"line":9,"column":12},"end":{"line":11,"column":13}},"5":{"start":{"line":10,"column":16},"end":{"line":10,"column":82}},"6":{"start":{"line":12,"column":28},"end":{"line":12,"column":44}},"7":{"start":{"line":13,"column":12},"end":{"line":15,"column":13}},"8":{"start":{"line":14,"column":16},"end":{"line":14,"column":62}},"9":{"start":{"line":17,"column":12},"end":{"line":17,"column":46}},"10":{"start":{"line":21,"column":38},"end":{"line":26,"column":1}},"11":{"start":{"line":22,"column":4},"end":{"line":25,"column":5}},"12":{"start":{"line":27,"column":31},"end":{"line":42,"column":1}},"13":{"start":{"line":28,"column":4},"end":{"line":41,"column":5}},"14":{"start":{"line":29,"column":8},"end":{"line":40,"column":9}},"15":{"start":{"line":30,"column":24},"end":{"line":30,"column":40}},"16":{"start":{"line":31,"column":12},"end":{"line":33,"column":13}},"17":{"start":{"line":32,"column":16},"end":{"line":32,"column":82}},"18":{"start":{"line":34,"column":28},"end":{"line":34,"column":44}},"19":{"start":{"line":35,"column":12},"end":{"line":37,"column":13}},"20":{"start":{"line":36,"column":16},"end":{"line":36,"column":62}},"21":{"start":{"line":39,"column":12},"end":{"line":39,"column":27}},"22":{"start":{"line":44,"column":25},"end":{"line":49,"column":1}},"23":{"start":{"line":45,"column":4},"end":{"line":48,"column":5}},"24":{"start":{"line":50,"column":30},"end":{"line":55,"column":1}},"25":{"start":{"line":51,"column":4},"end":{"line":54,"column":5}},"26":{"start":{"line":57,"column":37},"end":{"line":62,"column":1}},"27":{"start":{"line":58,"column":4},"end":{"line":61,"column":5}},"28":{"start":{"line":63,"column":38},"end":{"line":68,"column":1}},"29":{"start":{"line":64,"column":4},"end":{"line":67,"column":5}},"30":{"start":{"line":70,"column":31},"end":{"line":85,"column":1}},"31":{"start":{"line":71,"column":4},"end":{"line":84,"column":5}},"32":{"start":{"line":72,"column":8},"end":{"line":83,"column":9}},"33":{"start":{"line":73,"column":24},"end":{"line":73,"column":40}},"34":{"start":{"line":74,"column":12},"end":{"line":76,"column":13}},"35":{"start":{"line":75,"column":16},"end":{"line":75,"column":82}},"36":{"start":{"line":77,"column":28},"end":{"line":77,"column":44}},"37":{"start":{"line":78,"column":12},"end":{"line":80,"column":13}},"38":{"start":{"line":79,"column":16},"end":{"line":79,"column":62}},"39":{"start":{"line":82,"column":12},"end":{"line":82,"column":46}}},"fnMap":{"0":{"name":"(anonymous_0)","decl":{"start":{"line":5,"column":32},"end":{"line":5,"column":33}},"loc":{"start":{"line":5,"column":40},"end":{"line":20,"column":1}},"line":5},"1":{"name":"(anonymous_1)","decl":{"start":{"line":6,"column":11},"end":{"line":6,"column":12}},"loc":{"start":{"line":6,"column":31},"end":{"line":19,"column":5}},"line":6},"2":{"name":"(anonymous_2)","decl":{"start":{"line":21,"column":38},"end":{"line":21,"column":39}},"loc":{"start":{"line":21,"column":46},"end":{"line":26,"column":1}},"line":21},"3":{"name":"(anonymous_3)","decl":{"start":{"line":27,"column":31},"end":{"line":27,"column":32}},"loc":{"start":{"line":27,"column":38},"end":{"line":42,"column":1}},"line":27},"4":{"name":"(anonymous_4)","decl":{"start":{"line":28,"column":11},"end":{"line":28,"column":12}},"loc":{"start":{"line":28,"column":31},"end":{"line":41,"column":5}},"line":28},"5":{"name":"(anonymous_5)","decl":{"start":{"line":44,"column":25},"end":{"line":44,"column":26}},"loc":{"start":{"line":44,"column":33},"end":{"line":49,"column":1}},"line":44},"6":{"name":"(anonymous_6)","decl":{"start":{"line":50,"column":30},"end":{"line":50,"column":31}},"loc":{"start":{"line":50,"column":38},"end":{"line":55,"column":1}},"line":50},"7":{"name":"(anonymous_7)","decl":{"start":{"line":57,"column":37},"end":{"line":57,"column":38}},"loc":{"start":{"line":57,"column":45},"end":{"line":62,"column":1}},"line":57},"8":{"name":"(anonymous_8)","decl":{"start":{"line":63,"column":38},"end":{"line":63,"column":39}},"loc":{"start":{"line":63,"column":46},"end":{"line":68,"column":1}},"line":63},"9":{"name":"(anonymous_9)","decl":{"start":{"line":70,"column":31},"end":{"line":70,"column":32}},"loc":{"start":{"line":70,"column":39},"end":{"line":85,"column":1}},"line":70},"10":{"name":"(anonymous_10)","decl":{"start":{"line":71,"column":11},"end":{"line":71,"column":12}},"loc":{"start":{"line":71,"column":31},"end":{"line":84,"column":5}},"line":71}},"branchMap":{"0":{"loc":{"start":{"line":9,"column":12},"end":{"line":11,"column":13}},"type":"if","locations":[{"start":{"line":9,"column":12},"end":{"line":11,"column":13}},{"start":{"line":9,"column":12},"end":{"line":11,"column":13}}],"line":9},"1":{"loc":{"start":{"line":13,"column":12},"end":{"line":15,"column":13}},"type":"if","locations":[{"start":{"line":13,"column":12},"end":{"line":15,"column":13}},{"start":{"line":13,"column":12},"end":{"line":15,"column":13}}],"line":13},"2":{"loc":{"start":{"line":31,"column":12},"end":{"line":33,"column":13}},"type":"if","locations":[{"start":{"line":31,"column":12},"end":{"line":33,"column":13}},{"start":{"line":31,"column":12},"end":{"line":33,"column":13}}],"line":31},"3":{"loc":{"start":{"line":35,"column":12},"end":{"line":37,"column":13}},"type":"if","locations":[{"start":{"line":35,"column":12},"end":{"line":37,"column":13}},{"start":{"line":35,"column":12},"end":{"line":37,"column":13}}],"line":35},"4":{"loc":{"start":{"line":74,"column":12},"end":{"line":76,"column":13}},"type":"if","locations":[{"start":{"line":74,"column":12},"end":{"line":76,"column":13}},{"start":{"line":74,"column":12},"end":{"line":76,"column":13}}],"line":74},"5":{"loc":{"start":{"line":78,"column":12},"end":{"line":80,"column":13}},"type":"if","locations":[{"start":{"line":78,"column":12},"end":{"line":80,"column":13}},{"start":{"line":78,"column":12},"end":{"line":80,"column":13}}],"line":78}},"s":{"0":2,"1":0,"2":0,"3":0,"4":0,"5":0,"6":0,"7":0,"8":0,"9":0,"10":2,"11":0,"12":2,"13":0,"14":0,"15":0,"16":0,"17":0,"18":0,"19":0,"20":0,"21":0,"22":2,"23":0,"24":2,"25":0,"26":2,"27":0,"28":2,"29":0,"30":2,"31":0,"32":0,"33":0,"34":0,"35":0,"36":0,"37":0,"38":0,"39":0},"f":{"0":0,"1":0,"2":0,"3":0,"4":0,"5":0,"6":0,"7":0,"8":0,"9":0,"10":0},"b":{"0":[0,0],"1":[0,0],"2":[0,0],"3":[0,0],"4":[0,0],"5":[0,0]},"_coverageSchema":"332fd63041d2c1bcb487cc26dd0d5f7d97098a6c","hash":"67002f02ae0cc22b7ddc3fdff6207e5531e83627"}
,"G:\\github\\forum\\src\\action\\feed.js": {"path":"G:\\github\\forum\\src\\action\\feed.js","statementMap":{"0":{"start":{"line":10,"column":34},"end":{"line":12,"column":2}},"1":{"start":{"line":10,"column":41},"end":{"line":12,"column":1}},"2":{"start":{"line":14,"column":36},"end":{"line":17,"column":2}},"3":{"start":{"line":14,"column":47},"end":{"line":17,"column":1}},"4":{"start":{"line":19,"column":35},"end":{"line":22,"column":2}},"5":{"start":{"line":19,"column":47},"end":{"line":22,"column":1}},"6":{"start":{"line":23,"column":29},"end":{"line":39,"column":1}},"7":{"start":{"line":24,"column":4},"end":{"line":38,"column":6}},"8":{"start":{"line":25,"column":8},"end":{"line":25,"column":38}},"9":{"start":{"line":26,"column":8},"end":{"line":37,"column":9}},"10":{"start":{"line":27,"column":24},"end":{"line":27,"column":40}},"11":{"start":{"line":28,"column":12},"end":{"line":30,"column":13}},"12":{"start":{"line":29,"column":16},"end":{"line":29,"column":82}},"13":{"start":{"line":31,"column":28},"end":{"line":31,"column":44}},"14":{"start":{"line":32,"column":12},"end":{"line":34,"column":13}},"15":{"start":{"line":33,"column":16},"end":{"line":33,"column":60}},"16":{"start":{"line":36,"column":12},"end":{"line":36,"column":44}},"17":{"start":{"line":41,"column":39},"end":{"line":46,"column":1}},"18":{"start":{"line":42,"column":4},"end":{"line":45,"column":5}},"19":{"start":{"line":47,"column":32},"end":{"line":62,"column":1}},"20":{"start":{"line":48,"column":4},"end":{"line":61,"column":5}},"21":{"start":{"line":49,"column":8},"end":{"line":60,"column":9}},"22":{"start":{"line":50,"column":24},"end":{"line":50,"column":40}},"23":{"start":{"line":51,"column":12},"end":{"line":53,"column":13}},"24":{"start":{"line":52,"column":16},"end":{"line":52,"column":82}},"25":{"start":{"line":54,"column":28},"end":{"line":54,"column":44}},"26":{"start":{"line":55,"column":12},"end":{"line":57,"column":13}},"27":{"start":{"line":56,"column":16},"end":{"line":56,"column":63}},"28":{"start":{"line":59,"column":12},"end":{"line":59,"column":44}},"29":{"start":{"line":64,"column":30},"end":{"line":69,"column":1}},"30":{"start":{"line":65,"column":4},"end":{"line":68,"column":5}}},"fnMap":{"0":{"name":"(anonymous_0)","decl":{"start":{"line":10,"column":34},"end":{"line":10,"column":35}},"loc":{"start":{"line":10,"column":41},"end":{"line":12,"column":1}},"line":10},"1":{"name":"(anonymous_1)","decl":{"start":{"line":14,"column":36},"end":{"line":14,"column":37}},"loc":{"start":{"line":14,"column":47},"end":{"line":17,"column":1}},"line":14},"2":{"name":"(anonymous_2)","decl":{"start":{"line":19,"column":35},"end":{"line":19,"column":36}},"loc":{"start":{"line":19,"column":47},"end":{"line":22,"column":1}},"line":19},"3":{"name":"(anonymous_3)","decl":{"start":{"line":23,"column":29},"end":{"line":23,"column":30}},"loc":{"start":{"line":23,"column":38},"end":{"line":39,"column":1}},"line":23},"4":{"name":"(anonymous_4)","decl":{"start":{"line":24,"column":11},"end":{"line":24,"column":12}},"loc":{"start":{"line":24,"column":31},"end":{"line":38,"column":5}},"line":24},"5":{"name":"(anonymous_5)","decl":{"start":{"line":41,"column":39},"end":{"line":41,"column":40}},"loc":{"start":{"line":41,"column":47},"end":{"line":46,"column":1}},"line":41},"6":{"name":"(anonymous_6)","decl":{"start":{"line":47,"column":32},"end":{"line":47,"column":33}},"loc":{"start":{"line":47,"column":40},"end":{"line":62,"column":1}},"line":47},"7":{"name":"(anonymous_7)","decl":{"start":{"line":48,"column":11},"end":{"line":48,"column":12}},"loc":{"start":{"line":48,"column":31},"end":{"line":61,"column":5}},"line":48},"8":{"name":"(anonymous_8)","decl":{"start":{"line":64,"column":30},"end":{"line":64,"column":31}},"loc":{"start":{"line":64,"column":38},"end":{"line":69,"column":1}},"line":64}},"branchMap":{"0":{"loc":{"start":{"line":28,"column":12},"end":{"line":30,"column":13}},"type":"if","locations":[{"start":{"line":28,"column":12},"end":{"line":30,"column":13}},{"start":{"line":28,"column":12},"end":{"line":30,"column":13}}],"line":28},"1":{"loc":{"start":{"line":32,"column":12},"end":{"line":34,"column":13}},"type":"if","locations":[{"start":{"line":32,"column":12},"end":{"line":34,"column":13}},{"start":{"line":32,"column":12},"end":{"line":34,"column":13}}],"line":32},"2":{"loc":{"start":{"line":51,"column":12},"end":{"line":53,"column":13}},"type":"if","locations":[{"start":{"line":51,"column":12},"end":{"line":53,"column":13}},{"start":{"line":51,"column":12},"end":{"line":53,"column":13}}],"line":51},"3":{"loc":{"start":{"line":55,"column":12},"end":{"line":57,"column":13}},"type":"if","locations":[{"start":{"line":55,"column":12},"end":{"line":57,"column":13}},{"start":{"line":55,"column":12},"end":{"line":57,"column":13}}],"line":55}},"s":{"0":3,"1":3,"2":3,"3":2,"4":3,"5":3,"6":3,"7":1,"8":1,"9":1,"10":1,"11":0,"12":0,"13":0,"14":0,"15":0,"16":0,"17":3,"18":2,"19":3,"20":1,"21":1,"22":1,"23":0,"24":0,"25":0,"26":0,"27":0,"28":1,"29":3,"30":2},"f":{"0":3,"1":2,"2":3,"3":1,"4":1,"5":2,"6":1,"7":1,"8":2},"b":{"0":[0,0],"1":[0,0],"2":[0,0],"3":[0,0]},"_coverageSchema":"332fd63041d2c1bcb487cc26dd0d5f7d97098a6c","hash":"b2030f337c841faf3a54ed97410d074cd13e9376"}
,"G:\\github\\forum\\src\\action\\user.js": {"path":"G:\\github\\forum\\src\\action\\user.js","statementMap":{"0":{"start":{"line":12,"column":27},"end":{"line":33,"column":1}},"1":{"start":{"line":14,"column":8},"end":{"line":14,"column":23}},"2":{"start":{"line":17,"column":8},"end":{"line":17,"column":21}},"3":{"start":{"line":20,"column":8},"end":{"line":20,"column":24}},"4":{"start":{"line":23,"column":8},"end":{"line":23,"column":23}},"5":{"start":{"line":26,"column":8},"end":{"line":26,"column":22}},"6":{"start":{"line":29,"column":8},"end":{"line":29,"column":22}},"7":{"start":{"line":35,"column":24},"end":{"line":39,"column":1}},"8":{"start":{"line":36,"column":4},"end":{"line":38,"column":5}},"9":{"start":{"line":41,"column":39},"end":{"line":43,"column":2}},"10":{"start":{"line":41,"column":46},"end":{"line":43,"column":1}},"11":{"start":{"line":44,"column":41},"end":{"line":47,"column":2}},"12":{"start":{"line":44,"column":52},"end":{"line":47,"column":1}},"13":{"start":{"line":49,"column":40},"end":{"line":52,"column":2}},"14":{"start":{"line":49,"column":51},"end":{"line":52,"column":1}},"15":{"start":{"line":54,"column":34},"end":{"line":77,"column":1}},"16":{"start":{"line":55,"column":4},"end":{"line":76,"column":5}},"17":{"start":{"line":56,"column":8},"end":{"line":56,"column":44}},"18":{"start":{"line":57,"column":8},"end":{"line":75,"column":9}},"19":{"start":{"line":58,"column":24},"end":{"line":58,"column":35}},"20":{"start":{"line":59,"column":24},"end":{"line":65,"column":14}},"21":{"start":{"line":67,"column":12},"end":{"line":71,"column":13}},"22":{"start":{"line":68,"column":32},"end":{"line":68,"column":48}},"23":{"start":{"line":69,"column":16},"end":{"line":69,"column":47}},"24":{"start":{"line":70,"column":16},"end":{"line":70,"column":49}},"25":{"start":{"line":72,"column":12},"end":{"line":72,"column":72}},"26":{"start":{"line":74,"column":12},"end":{"line":74,"column":49}},"27":{"start":{"line":79,"column":33},"end":{"line":81,"column":2}},"28":{"start":{"line":79,"column":38},"end":{"line":81,"column":1}},"29":{"start":{"line":82,"column":35},"end":{"line":85,"column":2}},"30":{"start":{"line":82,"column":44},"end":{"line":85,"column":1}},"31":{"start":{"line":86,"column":34},"end":{"line":89,"column":2}},"32":{"start":{"line":86,"column":43},"end":{"line":89,"column":1}},"33":{"start":{"line":91,"column":28},"end":{"line":113,"column":1}},"34":{"start":{"line":92,"column":4},"end":{"line":112,"column":5}},"35":{"start":{"line":93,"column":8},"end":{"line":93,"column":38}},"36":{"start":{"line":94,"column":8},"end":{"line":111,"column":9}},"37":{"start":{"line":95,"column":24},"end":{"line":95,"column":44}},"38":{"start":{"line":96,"column":24},"end":{"line":102,"column":14}},"39":{"start":{"line":103,"column":12},"end":{"line":107,"column":13}},"40":{"start":{"line":104,"column":32},"end":{"line":104,"column":48}},"41":{"start":{"line":105,"column":16},"end":{"line":105,"column":47}},"42":{"start":{"line":106,"column":16},"end":{"line":106,"column":49}},"43":{"start":{"line":108,"column":12},"end":{"line":108,"column":66}},"44":{"start":{"line":110,"column":12},"end":{"line":110,"column":43}}},"fnMap":{"0":{"name":"(anonymous_0)","decl":{"start":{"line":13,"column":31},"end":{"line":13,"column":32}},"loc":{"start":{"line":13,"column":35},"end":{"line":15,"column":5}},"line":13},"1":{"name":"(anonymous_1)","decl":{"start":{"line":16,"column":22},"end":{"line":16,"column":23}},"loc":{"start":{"line":16,"column":26},"end":{"line":18,"column":5}},"line":16},"2":{"name":"(anonymous_2)","decl":{"start":{"line":19,"column":26},"end":{"line":19,"column":27}},"loc":{"start":{"line":19,"column":30},"end":{"line":21,"column":5}},"line":19},"3":{"name":"(anonymous_3)","decl":{"start":{"line":22,"column":23},"end":{"line":22,"column":24}},"loc":{"start":{"line":22,"column":27},"end":{"line":24,"column":5}},"line":22},"4":{"name":"(anonymous_4)","decl":{"start":{"line":25,"column":21},"end":{"line":25,"column":22}},"loc":{"start":{"line":25,"column":25},"end":{"line":27,"column":5}},"line":25},"5":{"name":"(anonymous_5)","decl":{"start":{"line":28,"column":21},"end":{"line":28,"column":22}},"loc":{"start":{"line":28,"column":25},"end":{"line":30,"column":5}},"line":28},"6":{"name":"(anonymous_6)","decl":{"start":{"line":35,"column":24},"end":{"line":35,"column":25}},"loc":{"start":{"line":35,"column":28},"end":{"line":39,"column":1}},"line":35},"7":{"name":"(anonymous_7)","decl":{"start":{"line":41,"column":39},"end":{"line":41,"column":40}},"loc":{"start":{"line":41,"column":46},"end":{"line":43,"column":1}},"line":41},"8":{"name":"(anonymous_8)","decl":{"start":{"line":44,"column":41},"end":{"line":44,"column":42}},"loc":{"start":{"line":44,"column":52},"end":{"line":47,"column":1}},"line":44},"9":{"name":"(anonymous_9)","decl":{"start":{"line":49,"column":40},"end":{"line":49,"column":41}},"loc":{"start":{"line":49,"column":51},"end":{"line":52,"column":1}},"line":49},"10":{"name":"(anonymous_10)","decl":{"start":{"line":54,"column":34},"end":{"line":54,"column":35}},"loc":{"start":{"line":54,"column":42},"end":{"line":77,"column":1}},"line":54},"11":{"name":"(anonymous_11)","decl":{"start":{"line":55,"column":11},"end":{"line":55,"column":12}},"loc":{"start":{"line":55,"column":29},"end":{"line":76,"column":5}},"line":55},"12":{"name":"(anonymous_12)","decl":{"start":{"line":79,"column":33},"end":{"line":79,"column":34}},"loc":{"start":{"line":79,"column":38},"end":{"line":81,"column":1}},"line":79},"13":{"name":"(anonymous_13)","decl":{"start":{"line":82,"column":35},"end":{"line":82,"column":36}},"loc":{"start":{"line":82,"column":44},"end":{"line":85,"column":1}},"line":82},"14":{"name":"(anonymous_14)","decl":{"start":{"line":86,"column":34},"end":{"line":86,"column":35}},"loc":{"start":{"line":86,"column":43},"end":{"line":89,"column":1}},"line":86},"15":{"name":"(anonymous_15)","decl":{"start":{"line":91,"column":28},"end":{"line":91,"column":29}},"loc":{"start":{"line":91,"column":36},"end":{"line":113,"column":1}},"line":91},"16":{"name":"(anonymous_16)","decl":{"start":{"line":92,"column":11},"end":{"line":92,"column":12}},"loc":{"start":{"line":92,"column":29},"end":{"line":112,"column":5}},"line":92}},"branchMap":{"0":{"loc":{"start":{"line":67,"column":12},"end":{"line":71,"column":13}},"type":"if","locations":[{"start":{"line":67,"column":12},"end":{"line":71,"column":13}},{"start":{"line":67,"column":12},"end":{"line":71,"column":13}}],"line":67},"1":{"loc":{"start":{"line":103,"column":12},"end":{"line":107,"column":13}},"type":"if","locations":[{"start":{"line":103,"column":12},"end":{"line":107,"column":13}},{"start":{"line":103,"column":12},"end":{"line":107,"column":13}}],"line":103}},"s":{"0":2,"1":0,"2":0,"3":0,"4":0,"5":0,"6":0,"7":2,"8":1,"9":2,"10":1,"11":2,"12":1,"13":2,"14":1,"15":2,"16":0,"17":0,"18":0,"19":0,"20":0,"21":0,"22":0,"23":0,"24":0,"25":0,"26":0,"27":2,"28":1,"29":2,"30":1,"31":2,"32":1,"33":2,"34":0,"35":0,"36":0,"37":0,"38":0,"39":0,"40":0,"41":0,"42":0,"43":0,"44":0},"f":{"0":0,"1":0,"2":0,"3":0,"4":0,"5":0,"6":1,"7":1,"8":1,"9":1,"10":0,"11":0,"12":1,"13":1,"14":1,"15":0,"16":0},"b":{"0":[0,0],"1":[0,0]},"_coverageSchema":"332fd63041d2c1bcb487cc26dd0d5f7d97098a6c","hash":"b4fe07a3d3b1e1b27b97050ecb002528b329946b"}
,"G:\\github\\forum\\src\\compontents\\ChangePasswordForm.jsx": {"path":"G:\\github\\forum\\src\\compontents\\ChangePasswordForm.jsx","statementMap":{"0":{"start":{"line":4,"column":34},"end":{"line":24,"column":1}},"1":{"start":{"line":5,"column":4},"end":{"line":23,"column":5}}},"fnMap":{"0":{"name":"(anonymous_0)","decl":{"start":{"line":4,"column":34},"end":{"line":4,"column":35}},"loc":{"start":{"line":4,"column":93},"end":{"line":24,"column":1}},"line":4}},"branchMap":{},"s":{"0":1,"1":0},"f":{"0":0},"b":{},"_coverageSchema":"332fd63041d2c1bcb487cc26dd0d5f7d97098a6c","hash":"5c46d61c7fcf15cfbfd0bd3ea31e4823afbd5ab3"}
,"G:\\github\\forum\\src\\compontents\\FindPasswordForm.jsx": {"path":"G:\\github\\forum\\src\\compontents\\FindPasswordForm.jsx","statementMap":{"0":{"start":{"line":3,"column":32},"end":{"line":28,"column":1}},"1":{"start":{"line":4,"column":80},"end":{"line":4,"column":85}},"2":{"start":{"line":5,"column":4},"end":{"line":27,"column":6}}},"fnMap":{"0":{"name":"(anonymous_0)","decl":{"start":{"line":3,"column":32},"end":{"line":3,"column":33}},"loc":{"start":{"line":3,"column":41},"end":{"line":28,"column":1}},"line":3}},"branchMap":{},"s":{"0":1,"1":0,"2":0},"f":{"0":0},"b":{},"_coverageSchema":"332fd63041d2c1bcb487cc26dd0d5f7d97098a6c","hash":"645f787d6fa68f83df82b9f3a1db4361e90b75ff"}
,"G:\\github\\forum\\src\\compontents\\LoginInForm.jsx": {"path":"G:\\github\\forum\\src\\compontents\\LoginInForm.jsx","statementMap":{"0":{"start":{"line":3,"column":27},"end":{"line":33,"column":1}},"1":{"start":{"line":6,"column":85},"end":{"line":6,"column":90}},"2":{"start":{"line":7,"column":4},"end":{"line":32,"column":6}}},"fnMap":{"0":{"name":"(anonymous_0)","decl":{"start":{"line":3,"column":27},"end":{"line":3,"column":28}},"loc":{"start":{"line":3,"column":36},"end":{"line":33,"column":1}},"line":3}},"branchMap":{"0":{"loc":{"start":{"line":9,"column":13},"end":{"line":28,"column":18}},"type":"cond-expr","locations":[{"start":{"line":11,"column":16},"end":{"line":22,"column":23}},{"start":{"line":24,"column":16},"end":{"line":28,"column":18}}],"line":9}},"s":{"0":1,"1":0,"2":0},"f":{"0":0},"b":{"0":[0,0]},"_coverageSchema":"332fd63041d2c1bcb487cc26dd0d5f7d97098a6c","hash":"1542c64909e33d559ce9accae0e692f720beceb5"}
,"G:\\github\\forum\\src\\compontents\\NotFound.jsx": {"path":"G:\\github\\forum\\src\\compontents\\NotFound.jsx","statementMap":{"0":{"start":{"line":5,"column":24},"end":{"line":9,"column":1}},"1":{"start":{"line":6,"column":4},"end":{"line":8,"column":6}}},"fnMap":{"0":{"name":"(anonymous_0)","decl":{"start":{"line":5,"column":24},"end":{"line":5,"column":25}},"loc":{"start":{"line":5,"column":28},"end":{"line":9,"column":1}},"line":5}},"branchMap":{},"s":{"0":1,"1":0},"f":{"0":0},"b":{},"_coverageSchema":"332fd63041d2c1bcb487cc26dd0d5f7d97098a6c","hash":"7b1374939bfb8727fb27de4a7424dfc5ee504f92"}
,"G:\\github\\forum\\src\\compontents\\Pagination.jsx": {"path":"G:\\github\\forum\\src\\compontents\\Pagination.jsx","statementMap":{"0":{"start":{"line":6,"column":44},"end":{"line":6,"column":54}},"1":{"start":{"line":7,"column":21},"end":{"line":7,"column":41}},"2":{"start":{"line":8,"column":8},"end":{"line":18,"column":9}},"3":{"start":{"line":10,"column":16},"end":{"line":10,"column":45}},"4":{"start":{"line":11,"column":16},"end":{"line":11,"column":22}},"5":{"start":{"line":13,"column":16},"end":{"line":13,"column":45}},"6":{"start":{"line":14,"column":16},"end":{"line":14,"column":22}},"7":{"start":{"line":16,"column":16},"end":{"line":16,"column":55}},"8":{"start":{"line":17,"column":16},"end":{"line":17,"column":22}},"9":{"start":{"line":21,"column":52},"end":{"line":21,"column":62}},"10":{"start":{"line":22,"column":27},"end":{"line":22,"column":29}},"11":{"start":{"line":23,"column":26},"end":{"line":23,"column":55}},"12":{"start":{"line":24,"column":21},"end":{"line":24,"column":66}},"13":{"start":{"line":25,"column":20},"end":{"line":25,"column":84}},"14":{"start":{"line":26,"column":8},"end":{"line":26,"column":64}},"15":{"start":{"line":27,"column":8},"end":{"line":36,"column":9}},"16":{"start":{"line":28,"column":12},"end":{"line":35,"column":14}},"17":{"start":{"line":37,"column":29},"end":{"line":37,"column":57}},"18":{"start":{"line":38,"column":30},"end":{"line":38,"column":66}},"19":{"start":{"line":39,"column":8},"end":{"line":55,"column":10}}},"fnMap":{"0":{"name":"(anonymous_0)","decl":{"start":{"line":5,"column":24},"end":{"line":5,"column":25}},"loc":{"start":{"line":5,"column":33},"end":{"line":19,"column":5}},"line":5},"1":{"name":"(anonymous_1)","decl":{"start":{"line":20,"column":4},"end":{"line":20,"column":5}},"loc":{"start":{"line":20,"column":12},"end":{"line":56,"column":5}},"line":20}},"branchMap":{"0":{"loc":{"start":{"line":8,"column":8},"end":{"line":18,"column":9}},"type":"switch","locations":[{"start":{"line":9,"column":12},"end":{"line":11,"column":22}},{"start":{"line":12,"column":12},"end":{"line":14,"column":22}},{"start":{"line":15,"column":12},"end":{"line":17,"column":22}}],"line":8},"1":{"loc":{"start":{"line":23,"column":26},"end":{"line":23,"column":55}},"type":"binary-expr","locations":[{"start":{"line":23,"column":26},"end":{"line":23,"column":52}},{"start":{"line":23,"column":54},"end":{"line":23,"column":55}}],"line":23},"2":{"loc":{"start":{"line":24,"column":21},"end":{"line":24,"column":66}},"type":"cond-expr","locations":[{"start":{"line":24,"column":44},"end":{"line":24,"column":53}},{"start":{"line":24,"column":56},"end":{"line":24,"column":66}}],"line":24},"3":{"loc":{"start":{"line":25,"column":20},"end":{"line":25,"column":84}},"type":"cond-expr","locations":[{"start":{"line":25,"column":54},"end":{"line":25,"column":55}},{"start":{"line":25,"column":58},"end":{"line":25,"column":84}}],"line":25},"4":{"loc":{"start":{"line":26,"column":17},"end":{"line":26,"column":62}},"type":"cond-expr","locations":[{"start":{"line":26,"column":40},"end":{"line":26,"column":56}},{"start":{"line":26,"column":57},"end":{"line":26,"column":62}}],"line":26},"5":{"loc":{"start":{"line":34,"column":44},"end":{"line":34,"column":72}},"type":"cond-expr","locations":[{"start":{"line":34,"column":56},"end":{"line":34,"column":69}},{"start":{"line":34,"column":70},"end":{"line":34,"column":72}}],"line":34},"6":{"loc":{"start":{"line":37,"column":29},"end":{"line":37,"column":57}},"type":"cond-expr","locations":[{"start":{"line":37,"column":45},"end":{"line":37,"column":50}},{"start":{"line":37,"column":53},"end":{"line":37,"column":57}}],"line":37},"7":{"loc":{"start":{"line":38,"column":30},"end":{"line":38,"column":66}},"type":"cond-expr","locations":[{"start":{"line":38,"column":54},"end":{"line":38,"column":59}},{"start":{"line":38,"column":62},"end":{"line":38,"column":66}}],"line":38},"8":{"loc":{"start":{"line":44,"column":44},"end":{"line":44,"column":70}},"type":"cond-expr","locations":[{"start":{"line":44,"column":57},"end":{"line":44,"column":59}},{"start":{"line":44,"column":60},"end":{"line":44,"column":70}}],"line":44},"9":{"loc":{"start":{"line":45,"column":29},"end":{"line":45,"column":69}},"type":"cond-expr","locations":[{"start":{"line":45,"column":42},"end":{"line":45,"column":64}},{"start":{"line":45,"column":65},"end":{"line":45,"column":69}}],"line":45},"10":{"loc":{"start":{"line":51,"column":44},"end":{"line":51,"column":71}},"type":"cond-expr","locations":[{"start":{"line":51,"column":58},"end":{"line":51,"column":60}},{"start":{"line":51,"column":61},"end":{"line":51,"column":71}}],"line":51},"11":{"loc":{"start":{"line":52,"column":29},"end":{"line":52,"column":70}},"type":"cond-expr","locations":[{"start":{"line":52,"column":43},"end":{"line":52,"column":65}},{"start":{"line":52,"column":66},"end":{"line":52,"column":70}}],"line":52}},"s":{"0":0,"1":0,"2":0,"3":0,"4":0,"5":0,"6":0,"7":0,"8":0,"9":2,"10":2,"11":2,"12":2,"13":2,"14":2,"15":2,"16":2,"17":2,"18":2,"19":2},"f":{"0":0,"1":2},"b":{"0":[0,0,0],"1":[2,2],"2":[2,0],"3":[2,0],"4":[2,0],"5":[2,0],"6":[2,0],"7":[2,0],"8":[0,2],"9":[0,2],"10":[0,2],"11":[0,2]},"_coverageSchema":"332fd63041d2c1bcb487cc26dd0d5f7d97098a6c","hash":"a2d5ee3cb1af7c3fe2fee5747d4984d8ac0dedd9"}
,"G:\\github\\forum\\src\\compontents\\Post.jsx": {"path":"G:\\github\\forum\\src\\compontents\\Post.jsx","statementMap":{"0":{"start":{"line":3,"column":20},"end":{"line":21,"column":1}},"1":{"start":{"line":5,"column":47},"end":{"line":5,"column":52}},"2":{"start":{"line":6,"column":21},"end":{"line":15,"column":10}},"3":{"start":{"line":7,"column":12},"end":{"line":14,"column":14}},"4":{"start":{"line":16,"column":8},"end":{"line":20,"column":10}}},"fnMap":{"0":{"name":"(anonymous_0)","decl":{"start":{"line":3,"column":20},"end":{"line":3,"column":21}},"loc":{"start":{"line":3,"column":29},"end":{"line":21,"column":1}},"line":3},"1":{"name":"(anonymous_1)","decl":{"start":{"line":6,"column":37},"end":{"line":6,"column":38}},"loc":{"start":{"line":6,"column":42},"end":{"line":15,"column":9}},"line":6}},"branchMap":{},"s":{"0":1,"1":2,"2":2,"3":0,"4":2},"f":{"0":2,"1":0},"b":{},"_coverageSchema":"332fd63041d2c1bcb487cc26dd0d5f7d97098a6c","hash":"c68ece73a4473ee257d86bb99225b078bbbb8b1b"}
,"G:\\github\\forum\\src\\compontents\\PostList.jsx": {"path":"G:\\github\\forum\\src\\compontents\\PostList.jsx","statementMap":{"0":{"start":{"line":5,"column":17},"end":{"line":23,"column":1}},"1":{"start":{"line":6,"column":34},"end":{"line":6,"column":44}},"2":{"start":{"line":7,"column":28},"end":{"line":12,"column":5}},"3":{"start":{"line":8,"column":25},"end":{"line":8,"column":52}},"4":{"start":{"line":9,"column":8},"end":{"line":9,"column":35}},"5":{"start":{"line":10,"column":8},"end":{"line":10,"column":60}},"6":{"start":{"line":11,"column":8},"end":{"line":11,"column":45}},"7":{"start":{"line":13,"column":4},"end":{"line":22,"column":6}}},"fnMap":{"0":{"name":"(anonymous_0)","decl":{"start":{"line":5,"column":17},"end":{"line":5,"column":18}},"loc":{"start":{"line":5,"column":42},"end":{"line":23,"column":1}},"line":5},"1":{"name":"(anonymous_1)","decl":{"start":{"line":7,"column":28},"end":{"line":7,"column":29}},"loc":{"start":{"line":7,"column":37},"end":{"line":12,"column":5}},"line":7}},"branchMap":{},"s":{"0":2,"1":1,"2":1,"3":0,"4":0,"5":0,"6":0,"7":1},"f":{"0":1,"1":0},"b":{},"_coverageSchema":"332fd63041d2c1bcb487cc26dd0d5f7d97098a6c","hash":"2e74e8ce92825dccf6dc78c9b0004d66e88c4ca5"}
,"G:\\github\\forum\\src\\compontents\\PublishArea.jsx": {"path":"G:\\github\\forum\\src\\compontents\\PublishArea.jsx","statementMap":{"0":{"start":{"line":5,"column":8},"end":{"line":5,"column":21}},"1":{"start":{"line":6,"column":8},"end":{"line":9,"column":9}},"2":{"start":{"line":12,"column":8},"end":{"line":12,"column":31}},"3":{"start":{"line":13,"column":36},"end":{"line":13,"column":46}},"4":{"start":{"line":14,"column":32},"end":{"line":14,"column":42}},"5":{"start":{"line":15,"column":33},"end":{"line":15,"column":77}},"6":{"start":{"line":16,"column":8},"end":{"line":18,"column":9}},"7":{"start":{"line":17,"column":12},"end":{"line":17,"column":20}},"8":{"start":{"line":19,"column":8},"end":{"line":25,"column":9}},"9":{"start":{"line":20,"column":12},"end":{"line":20,"column":36}},"10":{"start":{"line":21,"column":12},"end":{"line":24,"column":15}},"11":{"start":{"line":21,"column":39},"end":{"line":24,"column":13}},"12":{"start":{"line":29,"column":23},"end":{"line":29,"column":43}},"13":{"start":{"line":30,"column":24},"end":{"line":30,"column":36}},"14":{"start":{"line":31,"column":8},"end":{"line":40,"column":9}},"15":{"start":{"line":33,"column":16},"end":{"line":33,"column":51}},"16":{"start":{"line":33,"column":35},"end":{"line":33,"column":48}},"17":{"start":{"line":34,"column":16},"end":{"line":34,"column":22}},"18":{"start":{"line":36,"column":16},"end":{"line":36,"column":53}},"19":{"start":{"line":36,"column":35},"end":{"line":36,"column":50}},"20":{"start":{"line":37,"column":16},"end":{"line":37,"column":22}},"21":{"start":{"line":39,"column":16},"end":{"line":39,"column":23}},"22":{"start":{"line":43,"column":32},"end":{"line":43,"column":42}},"23":{"start":{"line":44,"column":32},"end":{"line":44,"column":42}},"24":{"start":{"line":45,"column":8},"end":{"line":81,"column":10}}},"fnMap":{"0":{"name":"(anonymous_0)","decl":{"start":{"line":4,"column":4},"end":{"line":4,"column":5}},"loc":{"start":{"line":4,"column":22},"end":{"line":10,"column":5}},"line":4},"1":{"name":"(anonymous_1)","decl":{"start":{"line":11,"column":23},"end":{"line":11,"column":24}},"loc":{"start":{"line":11,"column":32},"end":{"line":27,"column":5}},"line":11},"2":{"name":"(anonymous_2)","decl":{"start":{"line":21,"column":26},"end":{"line":21,"column":27}},"loc":{"start":{"line":21,"column":39},"end":{"line":24,"column":13}},"line":21},"3":{"name":"(anonymous_3)","decl":{"start":{"line":28,"column":24},"end":{"line":28,"column":25}},"loc":{"start":{"line":28,"column":33},"end":{"line":41,"column":5}},"line":28},"4":{"name":"(anonymous_4)","decl":{"start":{"line":33,"column":30},"end":{"line":33,"column":31}},"loc":{"start":{"line":33,"column":35},"end":{"line":33,"column":48}},"line":33},"5":{"name":"(anonymous_5)","decl":{"start":{"line":36,"column":30},"end":{"line":36,"column":31}},"loc":{"start":{"line":36,"column":35},"end":{"line":36,"column":50}},"line":36},"6":{"name":"(anonymous_6)","decl":{"start":{"line":42,"column":4},"end":{"line":42,"column":5}},"loc":{"start":{"line":42,"column":12},"end":{"line":82,"column":5}},"line":42}},"branchMap":{"0":{"loc":{"start":{"line":15,"column":33},"end":{"line":15,"column":77}},"type":"cond-expr","locations":[{"start":{"line":15,"column":49},"end":{"line":15,"column":63}},{"start":{"line":15,"column":69},"end":{"line":15,"column":76}}],"line":15},"1":{"loc":{"start":{"line":15,"column":49},"end":{"line":15,"column":63}},"type":"binary-expr","locations":[{"start":{"line":15,"column":49},"end":{"line":15,"column":54}},{"start":{"line":15,"column":56},"end":{"line":15,"column":63}}],"line":15},"2":{"loc":{"start":{"line":16,"column":8},"end":{"line":18,"column":9}},"type":"if","locations":[{"start":{"line":16,"column":8},"end":{"line":18,"column":9}},{"start":{"line":16,"column":8},"end":{"line":18,"column":9}}],"line":16},"3":{"loc":{"start":{"line":19,"column":8},"end":{"line":25,"column":9}},"type":"if","locations":[{"start":{"line":19,"column":8},"end":{"line":25,"column":9}},{"start":{"line":19,"column":8},"end":{"line":25,"column":9}}],"line":19},"4":{"loc":{"start":{"line":31,"column":8},"end":{"line":40,"column":9}},"type":"switch","locations":[{"start":{"line":32,"column":12},"end":{"line":34,"column":22}},{"start":{"line":35,"column":12},"end":{"line":37,"column":22}},{"start":{"line":38,"column":12},"end":{"line":39,"column":23}}],"line":31},"5":{"loc":{"start":{"line":50,"column":17},"end":{"line":62,"column":24}},"type":"cond-expr","locations":[{"start":{"line":52,"column":20},"end":{"line":61,"column":26}},{"start":{"line":62,"column":22},"end":{"line":62,"column":24}}],"line":50}},"s":{"0":2,"1":2,"2":1,"3":1,"4":1,"5":1,"6":1,"7":1,"8":0,"9":0,"10":0,"11":0,"12":2,"13":2,"14":2,"15":1,"16":1,"17":1,"18":1,"19":1,"20":1,"21":0,"22":5,"23":5,"24":5},"f":{"0":2,"1":1,"2":0,"3":2,"4":1,"5":1,"6":5},"b":{"0":[0,1],"1":[0,0],"2":[1,0],"3":[0,0],"4":[1,1,0],"5":[2,3]},"_coverageSchema":"332fd63041d2c1bcb487cc26dd0d5f7d97098a6c","hash":"cb3de152fe4c52462cd774b72d41fd73a6d8d082"}
,"G:\\github\\forum\\src\\compontents\\SignInForm.jsx": {"path":"G:\\github\\forum\\src\\compontents\\SignInForm.jsx","statementMap":{"0":{"start":{"line":2,"column":26},"end":{"line":33,"column":1}},"1":{"start":{"line":3,"column":94},"end":{"line":3,"column":99}},"2":{"start":{"line":4,"column":4},"end":{"line":32,"column":6}}},"fnMap":{"0":{"name":"(anonymous_0)","decl":{"start":{"line":2,"column":26},"end":{"line":2,"column":27}},"loc":{"start":{"line":2,"column":35},"end":{"line":33,"column":1}},"line":2}},"branchMap":{},"s":{"0":1,"1":0,"2":0},"f":{"0":0},"b":{},"_coverageSchema":"332fd63041d2c1bcb487cc26dd0d5f7d97098a6c","hash":"ee32c235e7e14e08606b0e17dc3b568664e1fd44"}
,"G:\\github\\forum\\src\\compontents\\test\\FindPasswordForm.text.js": {"path":"G:\\github\\forum\\src\\compontents\\test\\FindPasswordForm.text.js","statementMap":{"0":{"start":{"line":1,"column":32},"end":{"line":1,"column":101}},"1":{"start":{"line":1,"column":126},"end":{"line":1,"column":156}},"2":{"start":{"line":2,"column":13},"end":{"line":2,"column":29}},"3":{"start":{"line":2,"column":44},"end":{"line":2,"column":74}},"4":{"start":{"line":3,"column":14},"end":{"line":3,"column":31}},"5":{"start":{"line":3,"column":70},"end":{"line":3,"column":124}},"6":{"start":{"line":6,"column":14},"end":{"line":16,"column":1}},"7":{"start":{"line":7,"column":18},"end":{"line":9,"column":37}},"8":{"start":{"line":11,"column":20},"end":{"line":11,"column":210}},"9":{"start":{"line":12,"column":4},"end":{"line":14,"column":18}},"10":{"start":{"line":18,"column":0},"end":{"line":89,"column":3}},"11":{"start":{"line":19,"column":4},"end":{"line":19,"column":11}},"12":{"start":{"line":19,"column":28},"end":{"line":19,"column":42}},"13":{"start":{"line":19,"column":51},"end":{"line":19,"column":63}},"14":{"start":{"line":22,"column":4},"end":{"line":26,"column":7}},"15":{"start":{"line":23,"column":8},"end":{"line":25,"column":11}},"16":{"start":{"line":24,"column":12},"end":{"line":24,"column":46}},"17":{"start":{"line":28,"column":4},"end":{"line":62,"column":7}},"18":{"start":{"line":29,"column":8},"end":{"line":37,"column":11}},"19":{"start":{"line":31,"column":12},"end":{"line":33,"column":21}},"20":{"start":{"line":36,"column":12},"end":{"line":36,"column":60}},"21":{"start":{"line":39,"column":8},"end":{"line":61,"column":11}},"22":{"start":{"line":40,"column":12},"end":{"line":44,"column":45}},"23":{"start":{"line":48,"column":12},"end":{"line":52,"column":48}},"24":{"start":{"line":56,"column":12},"end":{"line":58,"column":21}},"25":{"start":{"line":60,"column":12},"end":{"line":60,"column":48}},"26":{"start":{"line":64,"column":4},"end":{"line":87,"column":7}},"27":{"start":{"line":65,"column":8},"end":{"line":75,"column":11}},"28":{"start":{"line":66,"column":12},"end":{"line":70,"column":48}},"29":{"start":{"line":74,"column":12},"end":{"line":74,"column":63}},"30":{"start":{"line":76,"column":8},"end":{"line":86,"column":11}},"31":{"start":{"line":77,"column":12},"end":{"line":81,"column":45}},"32":{"start":{"line":85,"column":12},"end":{"line":85,"column":61}}},"fnMap":{"0":{"name":"_interopRequireDefault","decl":{"start":{"line":3,"column":41},"end":{"line":3,"column":63}},"loc":{"start":{"line":3,"column":69},"end":{"line":3,"column":125}},"line":3},"1":{"name":"(anonymous_1)","decl":{"start":{"line":6,"column":14},"end":{"line":6,"column":15}},"loc":{"start":{"line":6,"column":20},"end":{"line":16,"column":1}},"line":6},"2":{"name":"(anonymous_2)","decl":{"start":{"line":18,"column":29},"end":{"line":18,"column":30}},"loc":{"start":{"line":18,"column":35},"end":{"line":89,"column":1}},"line":18},"3":{"name":"(anonymous_3)","decl":{"start":{"line":22,"column":26},"end":{"line":22,"column":27}},"loc":{"start":{"line":22,"column":32},"end":{"line":26,"column":5}},"line":22},"4":{"name":"(anonymous_4)","decl":{"start":{"line":23,"column":23},"end":{"line":23,"column":24}},"loc":{"start":{"line":23,"column":29},"end":{"line":25,"column":9}},"line":23},"5":{"name":"(anonymous_5)","decl":{"start":{"line":28,"column":27},"end":{"line":28,"column":28}},"loc":{"start":{"line":28,"column":33},"end":{"line":62,"column":5}},"line":28},"6":{"name":"(anonymous_6)","decl":{"start":{"line":29,"column":90},"end":{"line":29,"column":91}},"loc":{"start":{"line":29,"column":96},"end":{"line":37,"column":9}},"line":29},"7":{"name":"(anonymous_7)","decl":{"start":{"line":32,"column":32},"end":{"line":32,"column":33}},"loc":{"start":{"line":32,"column":38},"end":{"line":33,"column":17}},"line":32},"8":{"name":"(anonymous_8)","decl":{"start":{"line":39,"column":95},"end":{"line":39,"column":96}},"loc":{"start":{"line":39,"column":101},"end":{"line":61,"column":9}},"line":39},"9":{"name":"(anonymous_9)","decl":{"start":{"line":57,"column":32},"end":{"line":57,"column":33}},"loc":{"start":{"line":57,"column":38},"end":{"line":58,"column":17}},"line":57},"10":{"name":"(anonymous_10)","decl":{"start":{"line":64,"column":27},"end":{"line":64,"column":28}},"loc":{"start":{"line":64,"column":33},"end":{"line":87,"column":5}},"line":64},"11":{"name":"(anonymous_11)","decl":{"start":{"line":65,"column":65},"end":{"line":65,"column":66}},"loc":{"start":{"line":65,"column":71},"end":{"line":75,"column":9}},"line":65},"12":{"name":"(anonymous_12)","decl":{"start":{"line":76,"column":60},"end":{"line":76,"column":61}},"loc":{"start":{"line":76,"column":66},"end":{"line":86,"column":9}},"line":76}},"branchMap":{"0":{"loc":{"start":{"line":3,"column":77},"end":{"line":3,"column":123}},"type":"cond-expr","locations":[{"start":{"line":3,"column":101},"end":{"line":3,"column":104}},{"start":{"line":3,"column":107},"end":{"line":3,"column":123}}],"line":3},"1":{"loc":{"start":{"line":3,"column":77},"end":{"line":3,"column":98}},"type":"binary-expr","locations":[{"start":{"line":3,"column":77},"end":{"line":3,"column":80}},{"start":{"line":3,"column":84},"end":{"line":3,"column":98}}],"line":3}},"s":{"0":0,"1":0,"2":0,"3":0,"4":0,"5":0,"6":0,"7":0,"8":0,"9":0,"10":0,"11":0,"12":0,"13":0,"14":0,"15":0,"16":0,"17":0,"18":0,"19":0,"20":0,"21":0,"22":0,"23":0,"24":0,"25":0,"26":0,"27":0,"28":0,"29":0,"30":0,"31":0,"32":0},"f":{"0":0,"1":0,"2":0,"3":0,"4":0,"5":0,"6":0,"7":0,"8":0,"9":0,"10":0,"11":0,"12":0},"b":{"0":[0,0],"1":[0,0]}}
,"G:\\github\\forum\\src\\compontents\\test\\LoginInForm.text.js": {"path":"G:\\github\\forum\\src\\compontents\\test\\LoginInForm.text.js","statementMap":{"0":{"start":{"line":1,"column":32},"end":{"line":1,"column":96}},"1":{"start":{"line":1,"column":116},"end":{"line":1,"column":141}},"2":{"start":{"line":1,"column":162},"end":{"line":1,"column":198}},"3":{"start":{"line":2,"column":13},"end":{"line":2,"column":29}},"4":{"start":{"line":2,"column":44},"end":{"line":2,"column":74}},"5":{"start":{"line":3,"column":14},"end":{"line":3,"column":31}},"6":{"start":{"line":3,"column":70},"end":{"line":3,"column":124}},"7":{"start":{"line":5,"column":14},"end":{"line":14,"column":1}},"8":{"start":{"line":6,"column":18},"end":{"line":7,"column":29}},"9":{"start":{"line":9,"column":20},"end":{"line":9,"column":196}},"10":{"start":{"line":10,"column":4},"end":{"line":12,"column":18}},"11":{"start":{"line":16,"column":0},"end":{"line":102,"column":3}},"12":{"start":{"line":17,"column":4},"end":{"line":17,"column":11}},"13":{"start":{"line":17,"column":28},"end":{"line":17,"column":42}},"14":{"start":{"line":17,"column":51},"end":{"line":17,"column":63}},"15":{"start":{"line":20,"column":4},"end":{"line":38,"column":7}},"16":{"start":{"line":21,"column":8},"end":{"line":23,"column":11}},"17":{"start":{"line":22,"column":12},"end":{"line":22,"column":46}},"18":{"start":{"line":40,"column":4},"end":{"line":75,"column":7}},"19":{"start":{"line":41,"column":8},"end":{"line":49,"column":11}},"20":{"start":{"line":43,"column":12},"end":{"line":45,"column":21}},"21":{"start":{"line":48,"column":12},"end":{"line":48,"column":52}},"22":{"start":{"line":51,"column":8},"end":{"line":74,"column":11}},"23":{"start":{"line":52,"column":12},"end":{"line":56,"column":45}},"24":{"start":{"line":60,"column":12},"end":{"line":64,"column":48}},"25":{"start":{"line":68,"column":12},"end":{"line":70,"column":21}},"26":{"start":{"line":73,"column":12},"end":{"line":73,"column":48}},"27":{"start":{"line":77,"column":4},"end":{"line":100,"column":7}},"28":{"start":{"line":78,"column":8},"end":{"line":88,"column":11}},"29":{"start":{"line":79,"column":12},"end":{"line":83,"column":48}},"30":{"start":{"line":87,"column":12},"end":{"line":87,"column":63}},"31":{"start":{"line":89,"column":8},"end":{"line":99,"column":11}},"32":{"start":{"line":90,"column":12},"end":{"line":94,"column":45}},"33":{"start":{"line":98,"column":12},"end":{"line":98,"column":61}}},"fnMap":{"0":{"name":"_interopRequireDefault","decl":{"start":{"line":3,"column":41},"end":{"line":3,"column":63}},"loc":{"start":{"line":3,"column":69},"end":{"line":3,"column":125}},"line":3},"1":{"name":"(anonymous_1)","decl":{"start":{"line":5,"column":14},"end":{"line":5,"column":15}},"loc":{"start":{"line":5,"column":20},"end":{"line":14,"column":1}},"line":5},"2":{"name":"(anonymous_2)","decl":{"start":{"line":16,"column":24},"end":{"line":16,"column":25}},"loc":{"start":{"line":16,"column":30},"end":{"line":102,"column":1}},"line":16},"3":{"name":"(anonymous_3)","decl":{"start":{"line":20,"column":26},"end":{"line":20,"column":27}},"loc":{"start":{"line":20,"column":32},"end":{"line":38,"column":5}},"line":20},"4":{"name":"(anonymous_4)","decl":{"start":{"line":21,"column":23},"end":{"line":21,"column":24}},"loc":{"start":{"line":21,"column":29},"end":{"line":23,"column":9}},"line":21},"5":{"name":"(anonymous_5)","decl":{"start":{"line":40,"column":27},"end":{"line":40,"column":28}},"loc":{"start":{"line":40,"column":33},"end":{"line":75,"column":5}},"line":40},"6":{"name":"(anonymous_6)","decl":{"start":{"line":41,"column":90},"end":{"line":41,"column":91}},"loc":{"start":{"line":41,"column":96},"end":{"line":49,"column":9}},"line":41},"7":{"name":"(anonymous_7)","decl":{"start":{"line":44,"column":32},"end":{"line":44,"column":33}},"loc":{"start":{"line":44,"column":38},"end":{"line":45,"column":17}},"line":44},"8":{"name":"(anonymous_8)","decl":{"start":{"line":51,"column":95},"end":{"line":51,"column":96}},"loc":{"start":{"line":51,"column":101},"end":{"line":74,"column":9}},"line":51},"9":{"name":"(anonymous_9)","decl":{"start":{"line":69,"column":32},"end":{"line":69,"column":33}},"loc":{"start":{"line":69,"column":38},"end":{"line":70,"column":17}},"line":69},"10":{"name":"(anonymous_10)","decl":{"start":{"line":77,"column":27},"end":{"line":77,"column":28}},"loc":{"start":{"line":77,"column":33},"end":{"line":100,"column":5}},"line":77},"11":{"name":"(anonymous_11)","decl":{"start":{"line":78,"column":65},"end":{"line":78,"column":66}},"loc":{"start":{"line":78,"column":71},"end":{"line":88,"column":9}},"line":78},"12":{"name":"(anonymous_12)","decl":{"start":{"line":89,"column":60},"end":{"line":89,"column":61}},"loc":{"start":{"line":89,"column":66},"end":{"line":99,"column":9}},"line":89}},"branchMap":{"0":{"loc":{"start":{"line":3,"column":77},"end":{"line":3,"column":123}},"type":"cond-expr","locations":[{"start":{"line":3,"column":101},"end":{"line":3,"column":104}},{"start":{"line":3,"column":107},"end":{"line":3,"column":123}}],"line":3},"1":{"loc":{"start":{"line":3,"column":77},"end":{"line":3,"column":98}},"type":"binary-expr","locations":[{"start":{"line":3,"column":77},"end":{"line":3,"column":80}},{"start":{"line":3,"column":84},"end":{"line":3,"column":98}}],"line":3}},"s":{"0":0,"1":0,"2":0,"3":0,"4":0,"5":0,"6":0,"7":0,"8":0,"9":0,"10":0,"11":0,"12":0,"13":0,"14":0,"15":0,"16":0,"17":0,"18":0,"19":0,"20":0,"21":0,"22":0,"23":0,"24":0,"25":0,"26":0,"27":0,"28":0,"29":0,"30":0,"31":0,"32":0,"33":0},"f":{"0":0,"1":0,"2":0,"3":0,"4":0,"5":0,"6":0,"7":0,"8":0,"9":0,"10":0,"11":0,"12":0},"b":{"0":[0,0],"1":[0,0]}}
,"G:\\github\\forum\\src\\constant\\ActionTypes.js": {"path":"G:\\github\\forum\\src\\constant\\ActionTypes.js","statementMap":{"0":{"start":{"line":2,"column":31},"end":{"line":2,"column":48}},"1":{"start":{"line":3,"column":43},"end":{"line":3,"column":72}},"2":{"start":{"line":4,"column":45},"end":{"line":4,"column":76}},"3":{"start":{"line":5,"column":44},"end":{"line":5,"column":74}},"4":{"start":{"line":8,"column":25},"end":{"line":8,"column":36}},"5":{"start":{"line":11,"column":31},"end":{"line":11,"column":48}},"6":{"start":{"line":12,"column":43},"end":{"line":12,"column":72}},"7":{"start":{"line":13,"column":45},"end":{"line":13,"column":76}},"8":{"start":{"line":14,"column":44},"end":{"line":14,"column":74}},"9":{"start":{"line":17,"column":37},"end":{"line":17,"column":60}},"10":{"start":{"line":18,"column":39},"end":{"line":18,"column":64}},"11":{"start":{"line":19,"column":38},"end":{"line":19,"column":62}},"12":{"start":{"line":22,"column":41},"end":{"line":22,"column":68}},"13":{"start":{"line":25,"column":36},"end":{"line":25,"column":58}},"14":{"start":{"line":26,"column":38},"end":{"line":26,"column":62}},"15":{"start":{"line":27,"column":37},"end":{"line":27,"column":60}},"16":{"start":{"line":31,"column":32},"end":{"line":31,"column":50}},"17":{"start":{"line":34,"column":43},"end":{"line":34,"column":72}},"18":{"start":{"line":38,"column":39},"end":{"line":38,"column":64}},"19":{"start":{"line":39,"column":40},"end":{"line":39,"column":66}},"20":{"start":{"line":41,"column":26},"end":{"line":41,"column":38}},"21":{"start":{"line":42,"column":32},"end":{"line":42,"column":50}},"22":{"start":{"line":43,"column":33},"end":{"line":43,"column":52}},"23":{"start":{"line":45,"column":42},"end":{"line":45,"column":70}},"24":{"start":{"line":47,"column":42},"end":{"line":47,"column":70}}},"fnMap":{},"branchMap":{},"s":{"0":8,"1":8,"2":8,"3":8,"4":8,"5":8,"6":8,"7":8,"8":8,"9":8,"10":8,"11":8,"12":8,"13":8,"14":8,"15":8,"16":8,"17":8,"18":8,"19":8,"20":8,"21":8,"22":8,"23":8,"24":8},"f":{},"b":{},"_coverageSchema":"332fd63041d2c1bcb487cc26dd0d5f7d97098a6c","hash":"8e3388ad76efdd16e2a0c903c28ca724510d1863"}
,"G:\\github\\forum\\src\\containters\\DiscussionPage.jsx": {"path":"G:\\github\\forum\\src\\containters\\DiscussionPage.jsx","statementMap":{"0":{"start":{"line":10,"column":36},"end":{"line":10,"column":46}},"1":{"start":{"line":11,"column":23},"end":{"line":11,"column":54}},"2":{"start":{"line":12,"column":8},"end":{"line":12,"column":61}},"3":{"start":{"line":13,"column":8},"end":{"line":13,"column":55}},"4":{"start":{"line":16,"column":41},"end":{"line":16,"column":51}},"5":{"start":{"line":17,"column":23},"end":{"line":17,"column":54}},"6":{"start":{"line":18,"column":8},"end":{"line":21,"column":9}},"7":{"start":{"line":19,"column":12},"end":{"line":19,"column":26}},"8":{"start":{"line":20,"column":12},"end":{"line":20,"column":20}},"9":{"start":{"line":22,"column":8},"end":{"line":44,"column":9}},"10":{"start":{"line":23,"column":25},"end":{"line":26,"column":13}},"11":{"start":{"line":27,"column":24},"end":{"line":27,"column":49}},"12":{"start":{"line":28,"column":24},"end":{"line":34,"column":14}},"13":{"start":{"line":35,"column":12},"end":{"line":39,"column":13}},"14":{"start":{"line":36,"column":32},"end":{"line":36,"column":48}},"15":{"start":{"line":37,"column":16},"end":{"line":37,"column":47}},"16":{"start":{"line":38,"column":16},"end":{"line":38,"column":49}},"17":{"start":{"line":40,"column":12},"end":{"line":40,"column":26}},"18":{"start":{"line":41,"column":12},"end":{"line":41,"column":65}},"19":{"start":{"line":43,"column":12},"end":{"line":43,"column":27}},"20":{"start":{"line":47,"column":36},"end":{"line":47,"column":46}},"21":{"start":{"line":48,"column":23},"end":{"line":48,"column":54}},"22":{"start":{"line":49,"column":26},"end":{"line":49,"column":46}},"23":{"start":{"line":50,"column":8},"end":{"line":64,"column":9}},"24":{"start":{"line":51,"column":24},"end":{"line":51,"column":61}},"25":{"start":{"line":52,"column":24},"end":{"line":54,"column":14}},"26":{"start":{"line":55,"column":12},"end":{"line":59,"column":13}},"27":{"start":{"line":56,"column":32},"end":{"line":56,"column":48}},"28":{"start":{"line":57,"column":16},"end":{"line":57,"column":47}},"29":{"start":{"line":58,"column":16},"end":{"line":58,"column":49}},"30":{"start":{"line":60,"column":12},"end":{"line":60,"column":26}},"31":{"start":{"line":61,"column":12},"end":{"line":61,"column":65}},"32":{"start":{"line":63,"column":12},"end":{"line":63,"column":27}},"33":{"start":{"line":68,"column":44},"end":{"line":68,"column":54}},"34":{"start":{"line":69,"column":23},"end":{"line":69,"column":54}},"35":{"start":{"line":70,"column":8},"end":{"line":85,"column":9}},"36":{"start":{"line":71,"column":24},"end":{"line":71,"column":43}},"37":{"start":{"line":72,"column":24},"end":{"line":74,"column":14}},"38":{"start":{"line":75,"column":12},"end":{"line":79,"column":13}},"39":{"start":{"line":76,"column":32},"end":{"line":76,"column":48}},"40":{"start":{"line":77,"column":16},"end":{"line":77,"column":47}},"41":{"start":{"line":78,"column":16},"end":{"line":78,"column":49}},"42":{"start":{"line":80,"column":12},"end":{"line":80,"column":26}},"43":{"start":{"line":81,"column":12},"end":{"line":81,"column":59}},"44":{"start":{"line":82,"column":12},"end":{"line":82,"column":29}},"45":{"start":{"line":84,"column":12},"end":{"line":84,"column":27}},"46":{"start":{"line":88,"column":34},"end":{"line":88,"column":44}},"47":{"start":{"line":89,"column":39},"end":{"line":89,"column":49}},"48":{"start":{"line":90,"column":20},"end":{"line":90,"column":75}},"49":{"start":{"line":91,"column":21},"end":{"line":111,"column":10}},"50":{"start":{"line":92,"column":25},"end":{"line":92,"column":68}},"51":{"start":{"line":94,"column":16},"end":{"line":99,"column":20}},"52":{"start":{"line":101,"column":12},"end":{"line":110,"column":13}},"53":{"start":{"line":112,"column":8},"end":{"line":132,"column":9}},"54":{"start":{"line":136,"column":4},"end":{"line":140,"column":5}}},"fnMap":{"0":{"name":"(anonymous_0)","decl":{"start":{"line":9,"column":4},"end":{"line":9,"column":5}},"loc":{"start":{"line":9,"column":23},"end":{"line":14,"column":5}},"line":9},"1":{"name":"(anonymous_1)","decl":{"start":{"line":15,"column":26},"end":{"line":15,"column":27}},"loc":{"start":{"line":15,"column":43},"end":{"line":45,"column":5}},"line":15},"2":{"name":"(anonymous_2)","decl":{"start":{"line":46,"column":24},"end":{"line":46,"column":25}},"loc":{"start":{"line":46,"column":39},"end":{"line":65,"column":5}},"line":46},"3":{"name":"(anonymous_3)","decl":{"start":{"line":67,"column":23},"end":{"line":67,"column":24}},"loc":{"start":{"line":67,"column":38},"end":{"line":86,"column":5}},"line":67},"4":{"name":"(anonymous_4)","decl":{"start":{"line":87,"column":4},"end":{"line":87,"column":5}},"loc":{"start":{"line":87,"column":12},"end":{"line":133,"column":5}},"line":87},"5":{"name":"(anonymous_5)","decl":{"start":{"line":91,"column":31},"end":{"line":91,"column":32}},"loc":{"start":{"line":91,"column":36},"end":{"line":111,"column":9}},"line":91},"6":{"name":"mapStateToProps","decl":{"start":{"line":135,"column":9},"end":{"line":135,"column":24}},"loc":{"start":{"line":135,"column":31},"end":{"line":141,"column":1}},"line":135}},"branchMap":{"0":{"loc":{"start":{"line":18,"column":8},"end":{"line":21,"column":9}},"type":"if","locations":[{"start":{"line":18,"column":8},"end":{"line":21,"column":9}},{"start":{"line":18,"column":8},"end":{"line":21,"column":9}}],"line":18},"1":{"loc":{"start":{"line":35,"column":12},"end":{"line":39,"column":13}},"type":"if","locations":[{"start":{"line":35,"column":12},"end":{"line":39,"column":13}},{"start":{"line":35,"column":12},"end":{"line":39,"column":13}}],"line":35},"2":{"loc":{"start":{"line":55,"column":12},"end":{"line":59,"column":13}},"type":"if","locations":[{"start":{"line":55,"column":12},"end":{"line":59,"column":13}},{"start":{"line":55,"column":12},"end":{"line":59,"column":13}}],"line":55},"3":{"loc":{"start":{"line":75,"column":12},"end":{"line":79,"column":13}},"type":"if","locations":[{"start":{"line":75,"column":12},"end":{"line":79,"column":13}},{"start":{"line":75,"column":12},"end":{"line":79,"column":13}}],"line":75},"4":{"loc":{"start":{"line":90,"column":20},"end":{"line":90,"column":75}},"type":"cond-expr","locations":[{"start":{"line":90,"column":55},"end":{"line":90,"column":71}},{"start":{"line":90,"column":73},"end":{"line":90,"column":75}}],"line":90},"5":{"loc":{"start":{"line":94,"column":16},"end":{"line":99,"column":20}},"type":"cond-expr","locations":[{"start":{"line":96,"column":16},"end":{"line":98,"column":23}},{"start":{"line":99,"column":18},"end":{"line":99,"column":20}}],"line":94},"6":{"loc":{"start":{"line":94,"column":16},"end":{"line":94,"column":59}},"type":"binary-expr","locations":[{"start":{"line":94,"column":16},"end":{"line":94,"column":43}},{"start":{"line":94,"column":47},"end":{"line":94,"column":59}}],"line":94},"7":{"loc":{"start":{"line":118,"column":21},"end":{"line":121,"column":27}},"type":"cond-expr","locations":[{"start":{"line":120,"column":24},"end":{"line":120,"column":92}},{"start":{"line":121,"column":25},"end":{"line":121,"column":27}}],"line":118},"8":{"loc":{"start":{"line":118,"column":21},"end":{"line":118,"column":59}},"type":"binary-expr","locations":[{"start":{"line":118,"column":21},"end":{"line":118,"column":43}},{"start":{"line":118,"column":47},"end":{"line":118,"column":59}}],"line":118}},"s":{"0":0,"1":0,"2":0,"3":0,"4":0,"5":0,"6":0,"7":0,"8":0,"9":0,"10":0,"11":0,"12":0,"13":0,"14":0,"15":0,"16":0,"17":0,"18":0,"19":0,"20":0,"21":0,"22":0,"23":0,"24":0,"25":0,"26":0,"27":0,"28":0,"29":0,"30":0,"31":0,"32":0,"33":0,"34":0,"35":0,"36":0,"37":0,"38":0,"39":0,"40":0,"41":0,"42":0,"43":0,"44":0,"45":0,"46":0,"47":0,"48":0,"49":0,"50":0,"51":0,"52":0,"53":0,"54":0},"f":{"0":0,"1":0,"2":0,"3":0,"4":0,"5":0,"6":0},"b":{"0":[0,0],"1":[0,0],"2":[0,0],"3":[0,0],"4":[0,0],"5":[0,0],"6":[0,0],"7":[0,0],"8":[0,0]},"_coverageSchema":"332fd63041d2c1bcb487cc26dd0d5f7d97098a6c","hash":"a035c92f08513bc1b102c3d5c7876fef65157639"}
,"G:\\github\\forum\\src\\containters\\Header.jsx": {"path":"G:\\github\\forum\\src\\containters\\Header.jsx","statementMap":{"0":{"start":{"line":11,"column":8},"end":{"line":11,"column":21}},"1":{"start":{"line":12,"column":8},"end":{"line":20,"column":9}},"2":{"start":{"line":23,"column":8},"end":{"line":23,"column":64}},"3":{"start":{"line":24,"column":8},"end":{"line":24,"column":75}},"4":{"start":{"line":27,"column":8},"end":{"line":27,"column":67}},"5":{"start":{"line":28,"column":8},"end":{"line":28,"column":78}},"6":{"start":{"line":31,"column":8},"end":{"line":31,"column":41}},"7":{"start":{"line":31,"column":27},"end":{"line":31,"column":38}},"8":{"start":{"line":34,"column":8},"end":{"line":36,"column":9}},"9":{"start":{"line":35,"column":12},"end":{"line":35,"column":20}},"10":{"start":{"line":37,"column":8},"end":{"line":39,"column":10}},"11":{"start":{"line":42,"column":8},"end":{"line":44,"column":9}},"12":{"start":{"line":43,"column":12},"end":{"line":43,"column":20}},"13":{"start":{"line":45,"column":8},"end":{"line":48,"column":10}},"14":{"start":{"line":51,"column":8},"end":{"line":51,"column":80}},"15":{"start":{"line":54,"column":8},"end":{"line":54,"column":43}},"16":{"start":{"line":57,"column":27},"end":{"line":57,"column":37}},"17":{"start":{"line":58,"column":8},"end":{"line":58,"column":29}},"18":{"start":{"line":59,"column":8},"end":{"line":59,"column":44}},"19":{"start":{"line":62,"column":8},"end":{"line":65,"column":10}},"20":{"start":{"line":68,"column":23},"end":{"line":68,"column":43}},"21":{"start":{"line":69,"column":24},"end":{"line":69,"column":36}},"22":{"start":{"line":70,"column":8},"end":{"line":91,"column":9}},"23":{"start":{"line":72,"column":16},"end":{"line":79,"column":19}},"24":{"start":{"line":73,"column":20},"end":{"line":78,"column":21}},"25":{"start":{"line":80,"column":16},"end":{"line":80,"column":22}},"26":{"start":{"line":82,"column":16},"end":{"line":89,"column":18}},"27":{"start":{"line":83,"column":20},"end":{"line":88,"column":21}},"28":{"start":{"line":90,"column":16},"end":{"line":90,"column":22}},"29":{"start":{"line":94,"column":26},"end":{"line":94,"column":41}},"30":{"start":{"line":95,"column":8},"end":{"line":95,"column":31}},"31":{"start":{"line":96,"column":8},"end":{"line":123,"column":9}},"32":{"start":{"line":97,"column":24},"end":{"line":97,"column":35}},"33":{"start":{"line":98,"column":25},"end":{"line":101,"column":13}},"34":{"start":{"line":102,"column":24},"end":{"line":108,"column":14}},"35":{"start":{"line":109,"column":12},"end":{"line":112,"column":13}},"36":{"start":{"line":110,"column":32},"end":{"line":110,"column":48}},"37":{"start":{"line":111,"column":16},"end":{"line":111,"column":49}},"38":{"start":{"line":113,"column":12},"end":{"line":113,"column":26}},"39":{"start":{"line":114,"column":12},"end":{"line":114,"column":36}},"40":{"start":{"line":115,"column":12},"end":{"line":120,"column":15}},"41":{"start":{"line":122,"column":12},"end":{"line":122,"column":27}},"42":{"start":{"line":126,"column":32},"end":{"line":126,"column":42}},"43":{"start":{"line":127,"column":75},"end":{"line":127,"column":85}},"44":{"start":{"line":128,"column":8},"end":{"line":162,"column":10}},"45":{"start":{"line":166,"column":4},"end":{"line":168,"column":5}}},"fnMap":{"0":{"name":"(anonymous_0)","decl":{"start":{"line":10,"column":4},"end":{"line":10,"column":5}},"loc":{"start":{"line":10,"column":22},"end":{"line":21,"column":5}},"line":10},"1":{"name":"(anonymous_1)","decl":{"start":{"line":22,"column":4},"end":{"line":22,"column":5}},"loc":{"start":{"line":22,"column":23},"end":{"line":25,"column":5}},"line":22},"2":{"name":"(anonymous_2)","decl":{"start":{"line":26,"column":4},"end":{"line":26,"column":5}},"loc":{"start":{"line":26,"column":26},"end":{"line":29,"column":5}},"line":26},"3":{"name":"(anonymous_3)","decl":{"start":{"line":30,"column":24},"end":{"line":30,"column":25}},"loc":{"start":{"line":30,"column":28},"end":{"line":32,"column":5}},"line":30},"4":{"name":"(anonymous_4)","decl":{"start":{"line":31,"column":22},"end":{"line":31,"column":23}},"loc":{"start":{"line":31,"column":27},"end":{"line":31,"column":38}},"line":31},"5":{"name":"(anonymous_5)","decl":{"start":{"line":33,"column":17},"end":{"line":33,"column":18}},"loc":{"start":{"line":33,"column":26},"end":{"line":40,"column":5}},"line":33},"6":{"name":"(anonymous_6)","decl":{"start":{"line":41,"column":29},"end":{"line":41,"column":30}},"loc":{"start":{"line":41,"column":38},"end":{"line":49,"column":5}},"line":41},"7":{"name":"(anonymous_7)","decl":{"start":{"line":50,"column":23},"end":{"line":50,"column":24}},"loc":{"start":{"line":50,"column":27},"end":{"line":52,"column":5}},"line":50},"8":{"name":"(anonymous_8)","decl":{"start":{"line":53,"column":26},"end":{"line":53,"column":27}},"loc":{"start":{"line":53,"column":30},"end":{"line":55,"column":5}},"line":53},"9":{"name":"(anonymous_9)","decl":{"start":{"line":56,"column":21},"end":{"line":56,"column":22}},"loc":{"start":{"line":56,"column":25},"end":{"line":60,"column":5}},"line":56},"10":{"name":"(anonymous_10)","decl":{"start":{"line":61,"column":31},"end":{"line":61,"column":32}},"loc":{"start":{"line":61,"column":35},"end":{"line":66,"column":5}},"line":61},"11":{"name":"(anonymous_11)","decl":{"start":{"line":67,"column":36},"end":{"line":67,"column":37}},"loc":{"start":{"line":67,"column":45},"end":{"line":92,"column":5}},"line":67},"12":{"name":"(anonymous_12)","decl":{"start":{"line":72,"column":30},"end":{"line":72,"column":31}},"loc":{"start":{"line":72,"column":42},"end":{"line":79,"column":17}},"line":72},"13":{"name":"(anonymous_13)","decl":{"start":{"line":82,"column":30},"end":{"line":82,"column":31}},"loc":{"start":{"line":82,"column":42},"end":{"line":89,"column":17}},"line":82},"14":{"name":"(anonymous_14)","decl":{"start":{"line":93,"column":37},"end":{"line":93,"column":38}},"loc":{"start":{"line":93,"column":52},"end":{"line":124,"column":5}},"line":93},"15":{"name":"(anonymous_15)","decl":{"start":{"line":125,"column":4},"end":{"line":125,"column":5}},"loc":{"start":{"line":125,"column":12},"end":{"line":163,"column":5}},"line":125},"16":{"name":"mapStateToProps","decl":{"start":{"line":165,"column":9},"end":{"line":165,"column":24}},"loc":{"start":{"line":165,"column":31},"end":{"line":169,"column":1}},"line":165}},"branchMap":{"0":{"loc":{"start":{"line":34,"column":8},"end":{"line":36,"column":9}},"type":"if","locations":[{"start":{"line":34,"column":8},"end":{"line":36,"column":9}},{"start":{"line":34,"column":8},"end":{"line":36,"column":9}}],"line":34},"1":{"loc":{"start":{"line":42,"column":8},"end":{"line":44,"column":9}},"type":"if","locations":[{"start":{"line":42,"column":8},"end":{"line":44,"column":9}},{"start":{"line":42,"column":8},"end":{"line":44,"column":9}}],"line":42},"2":{"loc":{"start":{"line":70,"column":8},"end":{"line":91,"column":9}},"type":"switch","locations":[{"start":{"line":71,"column":12},"end":{"line":80,"column":22}},{"start":{"line":81,"column":12},"end":{"line":90,"column":22}}],"line":70},"3":{"loc":{"start":{"line":109,"column":12},"end":{"line":112,"column":13}},"type":"if","locations":[{"start":{"line":109,"column":12},"end":{"line":112,"column":13}},{"start":{"line":109,"column":12},"end":{"line":112,"column":13}}],"line":109},"4":{"loc":{"start":{"line":130,"column":17},"end":{"line":139,"column":26}},"type":"cond-expr","locations":[{"start":{"line":132,"column":20},"end":{"line":135,"column":26}},{"start":{"line":137,"column":20},"end":{"line":139,"column":26}}],"line":130},"5":{"loc":{"start":{"line":134,"column":25},"end":{"line":134,"column":125}},"type":"cond-expr","locations":[{"start":{"line":134,"column":32},"end":{"line":134,"column":121}},{"start":{"line":134,"column":123},"end":{"line":134,"column":125}}],"line":134},"6":{"loc":{"start":{"line":142,"column":21},"end":{"line":149,"column":26}},"type":"cond-expr","locations":[{"start":{"line":144,"column":24},"end":{"line":147,"column":29}},{"start":{"line":149,"column":24},"end":{"line":149,"column":26}}],"line":142},"7":{"loc":{"start":{"line":150,"column":21},"end":{"line":157,"column":28}},"type":"cond-expr","locations":[{"start":{"line":152,"column":24},"end":{"line":156,"column":26}},{"start":{"line":157,"column":26},"end":{"line":157,"column":28}}],"line":150}},"s":{"0":1,"1":1,"2":1,"3":1,"4":1,"5":1,"6":0,"7":0,"8":0,"9":0,"10":0,"11":0,"12":0,"13":0,"14":0,"15":0,"16":0,"17":0,"18":0,"19":0,"20":0,"21":0,"22":0,"23":0,"24":0,"25":0,"26":0,"27":0,"28":0,"29":0,"30":0,"31":0,"32":0,"33":0,"34":0,"35":0,"36":0,"37":0,"38":0,"39":0,"40":0,"41":0,"42":2,"43":2,"44":2,"45":2},"f":{"0":1,"1":1,"2":1,"3":0,"4":0,"5":0,"6":0,"7":0,"8":0,"9":0,"10":0,"11":0,"12":0,"13":0,"14":0,"15":2,"16":2},"b":{"0":[0,0],"1":[0,0],"2":[0,0],"3":[0,0],"4":[2,0],"5":[0,2],"6":[0,2],"7":[0,2]},"_coverageSchema":"332fd63041d2c1bcb487cc26dd0d5f7d97098a6c","hash":"6e18f331639b485061f17f8684c7bf8d28f4a085"}
,"G:\\github\\forum\\src\\containters\\Main.js": {"path":"G:\\github\\forum\\src\\containters\\Main.js","statementMap":{"0":{"start":{"line":10,"column":27},"end":{"line":10,"column":37}},"1":{"start":{"line":11,"column":8},"end":{"line":11,"column":62}},"2":{"start":{"line":12,"column":8},"end":{"line":12,"column":62}},"3":{"start":{"line":15,"column":27},"end":{"line":15,"column":37}},"4":{"start":{"line":16,"column":8},"end":{"line":16,"column":39}},"5":{"start":{"line":17,"column":8},"end":{"line":17,"column":78}},"6":{"start":{"line":20,"column":32},"end":{"line":20,"column":42}},"7":{"start":{"line":21,"column":8},"end":{"line":24,"column":9}},"8":{"start":{"line":22,"column":12},"end":{"line":22,"column":26}},"9":{"start":{"line":23,"column":12},"end":{"line":23,"column":20}},"10":{"start":{"line":25,"column":8},"end":{"line":50,"column":9}},"11":{"start":{"line":26,"column":25},"end":{"line":30,"column":13}},"12":{"start":{"line":31,"column":24},"end":{"line":31,"column":35}},"13":{"start":{"line":32,"column":24},"end":{"line":38,"column":14}},"14":{"start":{"line":39,"column":12},"end":{"line":43,"column":13}},"15":{"start":{"line":40,"column":32},"end":{"line":40,"column":48}},"16":{"start":{"line":41,"column":16},"end":{"line":41,"column":47}},"17":{"start":{"line":42,"column":16},"end":{"line":42,"column":49}},"18":{"start":{"line":44,"column":12},"end":{"line":44,"column":26}},"19":{"start":{"line":45,"column":12},"end":{"line":45,"column":66}},"20":{"start":{"line":46,"column":12},"end":{"line":46,"column":66}},"21":{"start":{"line":47,"column":12},"end":{"line":47,"column":40}},"22":{"start":{"line":49,"column":12},"end":{"line":49,"column":27}},"23":{"start":{"line":54,"column":37},"end":{"line":54,"column":47}},"24":{"start":{"line":55,"column":8},"end":{"line":78,"column":10}},"25":{"start":{"line":83,"column":4},"end":{"line":86,"column":5}}},"fnMap":{"0":{"name":"(anonymous_0)","decl":{"start":{"line":9,"column":4},"end":{"line":9,"column":5}},"loc":{"start":{"line":9,"column":23},"end":{"line":13,"column":5}},"line":9},"1":{"name":"(anonymous_1)","decl":{"start":{"line":14,"column":29},"end":{"line":14,"column":30}},"loc":{"start":{"line":14,"column":46},"end":{"line":18,"column":5}},"line":14},"2":{"name":"(anonymous_2)","decl":{"start":{"line":19,"column":26},"end":{"line":19,"column":27}},"loc":{"start":{"line":19,"column":49},"end":{"line":52,"column":5}},"line":19},"3":{"name":"(anonymous_3)","decl":{"start":{"line":53,"column":4},"end":{"line":53,"column":5}},"loc":{"start":{"line":53,"column":12},"end":{"line":79,"column":5}},"line":53},"4":{"name":"mapStateToProp","decl":{"
[...]
"line":96,"column":20},"end":{"line":101,"column":21}},"26":{"start":{"line":103,"column":16},"end":{"line":103,"column":22}},"27":{"start":{"line":105,"column":16},"end":{"line":105,"column":23}},"28":{"start":{"line":109,"column":23},"end":{"line":109,"column":43}},"29":{"start":{"line":110,"column":20},"end":{"line":110,"column":38}},"30":{"start":{"line":111,"column":8},"end":{"line":164,"column":9}},"31":{"start":{"line":113,"column":16},"end":{"line":120,"column":19}},"32":{"start":{"line":114,"column":20},"end":{"line":119,"column":21}},"33":{"start":{"line":121,"column":16},"end":{"line":121,"column":22}},"34":{"start":{"line":123,"column":16},"end":{"line":130,"column":19}},"35":{"start":{"line":124,"column":20},"end":{"line":129,"column":21}},"36":{"start":{"line":131,"column":16},"end":{"line":131,"column":22}},"37":{"start":{"line":133,"column":16},"end":{"line":140,"column":19}},"38":{"start":{"line":134,"column":20},"end":{"line":139,"column":21}},"39":{"start":{"line":141,"column":16},"end":{"line":141,"column":22}},"40":{"start":{"line":143,"column":16},"end":{"line":150,"column":19}},"41":{"start":{"line":144,"column":20},"end":{"line":149,"column":21}},"42":{"start":{"line":151,"column":16},"end":{"line":151,"column":22}},"43":{"start":{"line":153,"column":16},"end":{"line":160,"column":19}},"44":{"start":{"line":154,"column":20},"end":{"line":159,"column":21}},"45":{"start":{"line":161,"column":16},"end":{"line":161,"column":22}},"46":{"start":{"line":163,"column":16},"end":{"line":163,"column":22}},"47":{"start":{"line":167,"column":8},"end":{"line":167,"column":27}},"48":{"start":{"line":168,"column":28},"end":{"line":168,"column":38}},"49":{"start":{"line":169,"column":8},"end":{"line":169,"column":55}},"50":{"start":{"line":173,"column":35},"end":{"line":173,"column":45}},"51":{"start":{"line":174,"column":8},"end":{"line":174,"column":27}},"52":{"start":{"line":175,"column":8},"end":{"line":193,"column":9}},"53":{"start":{"line":176,"column":24},"end":{"line":176,"column":48}},"54":{"start":{"line":177,"column":24},"end":{"line":183,"column":14}},"55":{"start":{"line":184,"column":12},"end":{"line":188,"column":13}},"56":{"start":{"line":185,"column":32},"end":{"line":185,"column":48}},"57":{"start":{"line":186,"column":16},"end":{"line":186,"column":47}},"58":{"start":{"line":187,"column":16},"end":{"line":187,"column":49}},"59":{"start":{"line":189,"column":12},"end":{"line":189,"column":26}},"60":{"start":{"line":190,"column":12},"end":{"line":190,"column":31}},"61":{"start":{"line":192,"column":12},"end":{"line":192,"column":27}},"62":{"start":{"line":197,"column":8},"end":{"line":197,"column":27}},"63":{"start":{"line":198,"column":41},"end":{"line":198,"column":62}},"64":{"start":{"line":199,"column":28},"end":{"line":199,"column":38}},"65":{"start":{"line":200,"column":8},"end":{"line":203,"column":9}},"66":{"start":{"line":201,"column":12},"end":{"line":201,"column":28}},"67":{"start":{"line":202,"column":12},"end":{"line":202,"column":20}},"68":{"start":{"line":204,"column":8},"end":{"line":204,"column":60}},"69":{"start":{"line":207,"column":29},"end":{"line":207,"column":39}},"70":{"start":{"line":208,"column":8},"end":{"line":214,"column":9}},"71":{"start":{"line":209,"column":12},"end":{"line":213,"column":14}},"72":{"start":{"line":210,"column":16},"end":{"line":212,"column":17}},"73":{"start":{"line":217,"column":35},"end":{"line":217,"column":45}},"74":{"start":{"line":218,"column":8},"end":{"line":224,"column":9}},"75":{"start":{"line":219,"column":12},"end":{"line":223,"column":14}},"76":{"start":{"line":220,"column":16},"end":{"line":222,"column":17}},"77":{"start":{"line":227,"column":86},"end":{"line":227,"column":96}},"78":{"start":{"line":228,"column":8},"end":{"line":254,"column":10}}},"fnMap":{"0":{"name":"(anonymous_0)","decl":{"start":{"line":8,"column":4},"end":{"line":8,"column":5}},"loc":{"start":{"line":8,"column":22},"end":{"line":31,"column":5}},"line":8},"1":{"name":"(anonymous_1)","decl":{"start":{"line":32,"column":34},"end":{"line":32,"column":35}},"loc":{"start":{"line":32,"column":43},"end":{"line":79,"column":5}},"line":32},"2":{"name":"(anonymous_2)","decl":{"start":{"line":37,"column":30},"end":{"line":37,"column":31}},"loc":{"start":{"line":37,"column":42},"end":{"line":44,"column":17}},"line":37},"3":{"name":"(anonymous_3)","decl":{"start":{"line":47,"column":30},"end":{"line":47,"column":31}},"loc":{"start":{"line":47,"column":42},"end":{"line":54,"column":17}},"line":47},"4":{"name":"(anonymous_4)","decl":{"start":{"line":57,"column":30},"end":{"line":57,"column":31}},"loc":{"start":{"line":57,"column":42},"end":{"line":64,"column":17}},"line":57},"5":{"name":"(anonymous_5)","decl":{"start":{"line":67,"column":30},"end":{"line":67,"column":31}},"loc":{"start":{"line":67,"column":42},"end":{"line":74,"column":17}},"line":67},"6":{"name":"(anonymous_6)","decl":{"start":{"line":80,"column":29},"end":{"line":80,"column":30}},"loc":{"start":{"line":80,"column":39},"end":{"line":107,"column":5}},"line":80},"7":{"name":"(anonymous_7)","decl":{"start":{"line":85,"column":30},"end":{"line":85,"column":31}},"loc":{"start":{"line":85,"column":44},"end":{"line":92,"column":17}},"line":85},"8":{"name":"(anonymous_8)","decl":{"start":{"line":95,"column":30},"end":{"line":95,"column":31}},"loc":{"start":{"line":95,"column":44},"end":{"line":102,"column":17}},"line":95},"9":{"name":"(anonymous_9)","decl":{"start":{"line":108,"column":28},"end":{"line":108,"column":29}},"loc":{"start":{"line":108,"column":37},"end":{"line":165,"column":5}},"line":108},"10":{"name":"(anonymous_10)","decl":{"start":{"line":113,"column":30},"end":{"line":113,"column":31}},"loc":{"start":{"line":113,"column":42},"end":{"line":120,"column":17}},"line":113},"11":{"name":"(anonymous_11)","decl":{"start":{"line":123,"column":30},"end":{"line":123,"column":31}},"loc":{"start":{"line":123,"column":42},"end":{"line":130,"column":17}},"line":123},"12":{"name":"(anonymous_12)","decl":{"start":{"line":133,"column":30},"end":{"line":133,"column":31}},"loc":{"start":{"line":133,"column":42},"end":{"line":140,"column":17}},"line":133},"13":{"name":"(anonymous_13)","decl":{"start":{"line":143,"column":30},"end":{"line":143,"column":31}},"loc":{"start":{"line":143,"column":42},"end":{"line":150,"column":17}},"line":143},"14":{"name":"(anonymous_14)","decl":{"start":{"line":153,"column":30},"end":{"line":153,"column":31}},"loc":{"start":{"line":153,"column":42},"end":{"line":160,"column":17}},"line":153},"15":{"name":"(anonymous_15)","decl":{"start":{"line":166,"column":30},"end":{"line":166,"column":31}},"loc":{"start":{"line":166,"column":35},"end":{"line":171,"column":5}},"line":166},"16":{"name":"(anonymous_16)","decl":{"start":{"line":172,"column":35},"end":{"line":172,"column":36}},"loc":{"start":{"line":172,"column":46},"end":{"line":195,"column":5}},"line":172},"17":{"name":"(anonymous_17)","decl":{"start":{"line":196,"column":29},"end":{"line":196,"column":30}},"loc":{"start":{"line":196,"column":34},"end":{"line":205,"column":5}},"line":196},"18":{"name":"(anonymous_18)","decl":{"start":{"line":206,"column":24},"end":{"line":206,"column":25}},"loc":{"start":{"line":206,"column":28},"end":{"line":215,"column":5}},"line":206},"19":{"name":"(anonymous_19)","decl":{"start":{"line":209,"column":26},"end":{"line":209,"column":27}},"loc":{"start":{"line":209,"column":38},"end":{"line":213,"column":13}},"line":209},"20":{"name":"(anonymous_20)","decl":{"start":{"line":216,"column":29},"end":{"line":216,"column":30}},"loc":{"start":{"line":216,"column":33},"end":{"line":225,"column":5}},"line":216},"21":{"name":"(anonymous_21)","decl":{"start":{"line":219,"column":26},"end":{"line":219,"column":27}},"loc":{"start":{"line":219,"column":38},"end":{"line":223,"column":13}},"line":219},"22":{"name":"(anonymous_22)","decl":{"start":{"line":226,"column":4},"end":{"line":226,"column":5}},"loc":{"start":{"line":226,"column":12},"end":{"line":255,"column":5}},"line":226}},"branchMap":{"0":{"loc":{"start":{"line":35,"column":8},"end":{"line":78,"column":9}},"type":"switch","locations":[{"start":{"line":36,"column":12},"end":{"line":45,"column":22}},{"start":{"line":46,"column":12},"end":{"line":55,"column":22}},{"start":{"line":56,"column":12},"end":{"line":65,"column":22}},{"start":{"line":66,"column":12},"end":{"line":75,"column":22}},{"start":{"line":76,"column":12},"end":{"line":77,"column":22}}],"line":35},"1":{"loc":{"start":{"line":83,"column":8},"end":{"line":106,"column":9}},"type":"switch","locations":[{"start":{"line":84,"column":12},"end":{"line":93,"column":22}},{"start":{"line":94,"column":12},"end":{"line":103,"column":22}},{"start":{"line":104,"column":12},"end":{"line":105,"column":23}}],"line":83},"2":{"loc":{"start":{"line":111,"column":8},"end":{"line":164,"column":9}},"type":"switch","locations":[{"start":{"line":112,"column":12},"end":{"line":121,"column":22}},{"start":{"line":122,"column":12},"end":{"line":131,"column":22}},{"start":{"line":132,"column":12},"end":{"line":141,"column":22}},{"start":{"line":142,"column":12},"end":{"line":151,"column":22}},{"start":{"line":152,"column":12},"end":{"line":161,"column":22}},{"start":{"line":162,"column":12},"end":{"line":163,"column":22}}],"line":111},"3":{"loc":{"start":{"line":184,"column":12},"end":{"line":188,"column":13}},"type":"if","locations":[{"start":{"line":184,"column":12},"end":{"line":188,"column":13}},{"start":{"line":184,"column":12},"end":{"line":188,"column":13}}],"line":184},"4":{"loc":{"start":{"line":200,"column":8},"end":{"line":203,"column":9}},"type":"if","locations":[{"start":{"line":200,"column":8},"end":{"line":203,"column":9}},{"start":{"line":200,"column":8},"end":{"line":203,"column":9}}],"line":200},"5":{"loc":{"start":{"line":208,"column":8},"end":{"line":214,"column":9}},"type":"if","locations":[{"start":{"line":208,"column":8},"end":{"line":214,"column":9}},{"start":{"line":208,"column":8},"end":{"line":214,"column":9}}],"line":208},"6":{"loc":{"start":{"line":218,"column":8},"end":{"line":224,"column":9}},"type":"if","locations":[{"start":{"line":218,"column":8},"end":{"line":224,"column":9}},{"start":{"line":218,"column":8},"end":{"line":224,"column":9}}],"line":218},"7":{"loc":{"start":{"line":230,"column":17},"end":{"line":247,"column":22}},"type":"cond-expr","locations":[{"start":{"line":232,"column":20},"end":{"line":236,"column":22}},{"start":{"line":238,"column":20},"end":{"line":247,"column":22}}],"line":230},"8":{"loc":{"start":{"line":249,"column":17},"end":{"line":251,"column":24}},"type":"cond-expr","locations":[{"start":{"line":250,"column":22},"end":{"line":250,"column":96}},{"start":{"line":251,"column":22},"end":{"line":251,"column":24}}],"line":249},"9":{"loc":{"start":{"line":249,"column":17},"end":{"line":249,"column":47}},"type":"binary-expr","locations":[{"start":{"line":249,"column":17},"end":{"line":249,"column":28}},{"start":{"line":249,"column":30},"end":{"line":249,"column":47}}],"line":249}},"s":{"0":0,"1":0,"2":0,"3":0,"4":0,"5":0,"6":0,"7":0,"8":0,"9":0,"10":0,"11":0,"12":0,"13":0,"14":0,"15":0,"16":0,"17":0,"18":0,"19":0,"20":0,"21":0,"22":0,"23":0,"24":0,"25":0,"26":0,"27":0,"28":0,"29":0,"30":0,"31":0,"32":0,"33":0,"34":0,"35":0,"36":0,"37":0,"38":0,"39":0,"40":0,"41":0,"42":0,"43":0,"44":0,"45":0,"46":0,"47":0,"48":0,"49":0,"50":0,"51":0,"52":0,"53":0,"54":0,"55":0,"56":0,"57":0,"58":0,"59":0,"60":0,"61":0,"62":0,"63":0,"64":0,"65":0,"66":0,"67":0,"68":0,"69":0,"70":0,"71":0,"72":0,"73":0,"74":0,"75":0,"76":0,"77":0,"78":0},"f":{"0":0,"1":0,"2":0,"3":0,"4":0,"5":0,"6":0,"7":0,"8":0,"9":0,"10":0,"11":0,"12":0,"13":0,"14":0,"15":0,"16":0,"17":0,"18":0,"19":0,"20":0,"21":0,"22":0},"b":{"0":[0,0,0,0,0],"1":[0,0,0],"2":[0,0,0,0,0,0],"3":[0,0],"4":[0,0],"5":[0,0],"6":[0,0],"7":[0,0],"8":[0,0],"9":[0,0]},"_coverageSchema":"332fd63041d2c1bcb487cc26dd0d5f7d97098a6c","hash":"4bed39d336fa73a8a0bfbd7f3737db10f1b5c1e7"}
,"G:\\github\\forum\\src\\reducer\\discussion.js": {"path":"G:\\github\\forum\\src\\reducer\\discussion.js","statementMap":{"0":{"start":{"line":6,"column":24},"end":{"line":9,"column":1}},"1":{"start":{"line":10,"column":26},"end":{"line":40,"column":1}},"2":{"start":{"line":11,"column":4},"end":{"line":39,"column":5}},"3":{"start":{"line":13,"column":12},"end":{"line":16,"column":13}},"4":{"start":{"line":18,"column":12},"end":{"line":21,"column":13}},"5":{"start":{"line":23,"column":12},"end":{"line":26,"column":13}},"6":{"start":{"line":28,"column":12},"end":{"line":31,"column":13}},"7":{"start":{"line":33,"column":12},"end":{"line":36,"column":13}},"8":{"start":{"line":38,"column":12},"end":{"line":38,"column":25}}},"fnMap":{"0":{"name":"(anonymous_0)","decl":{"start":{"line":10,"column":26},"end":{"line":10,"column":27}},"loc":{"start":{"line":10,"column":58},"end":{"line":40,"column":1}},"line":10}},"branchMap":{"0":{"loc":{"start":{"line":10,"column":27},"end":{"line":10,"column":48}},"type":"default-arg","locations":[{"start":{"line":10,"column":33},"end":{"line":10,"column":48}}],"line":10},"1":{"loc":{"start":{"line":11,"column":4},"end":{"line":39,"column":5}},"type":"switch","locations":[{"start":{"line":12,"column":8},"end":{"line":16,"column":13}},{"start":{"line":17,"column":8},"end":{"line":21,"column":13}},{"start":{"line":22,"column":8},"end":{"line":26,"column":13}},{"start":{"line":27,"column":8},"end":{"line":31,"column":13}},{"start":{"line":32,"column":8},"end":{"line":36,"column":13}},{"start":{"line":37,"column":8},"end":{"line":38,"column":25}}],"line":11}},"s":{"0":2,"1":2,"2":11,"3":1,"4":1,"5":1,"6":1,"7":1,"8":6},"f":{"0":11},"b":{"0":[4],"1":[1,1,1,1,1,6]},"_coverageSchema":"332fd63041d2c1bcb487cc26dd0d5f7d97098a6c","hash":"e8c9ae6029571d86736ef3816e3285f03a6b19c2"}
,"G:\\github\\forum\\src\\reducer\\feed.js": {"path":"G:\\github\\forum\\src\\reducer\\feed.js","statementMap":{"0":{"start":{"line":3,"column":24},"end":{"line":7,"column":1}},"1":{"start":{"line":8,"column":20},"end":{"line":28,"column":1}},"2":{"start":{"line":9,"column":4},"end":{"line":27,"column":5}},"3":{"start":{"line":11,"column":12},"end":{"line":14,"column":13}},"4":{"start":{"line":16,"column":12},"end":{"line":19,"column":13}},"5":{"start":{"line":21,"column":12},"end":{"line":24,"column":13}},"6":{"start":{"line":26,"column":12},"end":{"line":26,"column":25}}},"fnMap":{"0":{"name":"(anonymous_0)","decl":{"start":{"line":8,"column":20},"end":{"line":8,"column":21}},"loc":{"start":{"line":8,"column":52},"end":{"line":28,"column":1}},"line":8}},"branchMap":{"0":{"loc":{"start":{"line":8,"column":21},"end":{"line":8,"column":42}},"type":"default-arg","locations":[{"start":{"line":8,"column":27},"end":{"line":8,"column":42}}],"line":8},"1":{"loc":{"start":{"line":9,"column":4},"end":{"line":27,"column":5}},"type":"switch","locations":[{"start":{"line":10,"column":8},"end":{"line":14,"column":13}},{"start":{"line":15,"column":8},"end":{"line":19,"column":13}},{"start":{"line":20,"column":8},"end":{"line":24,"column":13}},{"start":{"line":25,"column":8},"end":{"line":26,"column":25}}],"line":9}},"s":{"0":2,"1":2,"2":9,"3":1,"4":1,"5":1,"6":6},"f":{"0":9},"b":{"0":[3],"1":[1,1,1,6]},"_coverageSchema":"332fd63041d2c1bcb487cc26dd0d5f7d97098a6c","hash":"743812b176ca2809bb0767021b1c5e8c0e6f2800"}
,"G:\\github\\forum\\src\\reducer\\index.js": {"path":"G:\\github\\forum\\src\\reducer\\index.js","statementMap":{"0":{"start":{"line":6,"column":16},"end":{"line":10,"column":2}}},"fnMap":{},"branchMap":{},"s":{"0":1},"f":{},"b":{},"_coverageSchema":"332fd63041d2c1bcb487cc26dd0d5f7d97098a6c","hash":"02cb2505ee678572799540fe2e0e1165c326f3b0"}
,"G:\\github\\forum\\src\\reducer\\user.js": {"path":"G:\\github\\forum\\src\\reducer\\user.js","statementMap":{"0":{"start":{"line":8,"column":20},"end":{"line":38,"column":1}},"1":{"start":{"line":9,"column":4},"end":{"line":37,"column":5}},"2":{"start":{"line":11,"column":12},"end":{"line":12,"column":13}},"3":{"start":{"line":14,"column":12},"end":{"line":17,"column":13}},"4":{"start":{"line":19,"column":12},"end":{"line":22,"column":13}},"5":{"start":{"line":24,"column":12},"end":{"line":27,"column":13}},"6":{"start":{"line":29,"column":12},"end":{"line":32,"column":13}},"7":{"start":{"line":34,"column":12},"end":{"line":36,"column":13}}},"fnMap":{"0":{"name":"(anonymous_0)","decl":{"start":{"line":8,"column":20},"end":{"line":8,"column":21}},"loc":{"start":{"line":8,"column":41},"end":{"line":38,"column":1}},"line":8}},"branchMap":{"0":{"loc":{"start":{"line":8,"column":21},"end":{"line":8,"column":31}},"type":"default-arg","locations":[{"start":{"line":8,"column":29},"end":{"line":8,"column":31}}],"line":8},"1":{"loc":{"start":{"line":9,"column":4},"end":{"line":37,"column":5}},"type":"switch","locations":[{"start":{"line":10,"column":8},"end":{"line":12,"column":13}},{"start":{"line":13,"column":8},"end":{"line":17,"column":13}},{"start":{"line":18,"column":8},"end":{"line":22,"column":13}},{"start":{"line":23,"column":8},"end":{"line":27,"column":13}},{"start":{"line":28,"column":8},"end":{"line":32,"column":13}},{"start":{"line":33,"column":8},"end":{"line":36,"column":13}}],"line":9}},"s":{"0":2,"1":10,"2":1,"3":1,"4":1,"5":1,"6":1,"7":5},"f":{"0":10},"b":{"0":[2],"1":[1,1,1,1,1,5]},"_coverageSchema":"332fd63041d2c1bcb487cc26dd0d5f7d97098a6c","hash":"17b222bc6070d3a398022777e0779c62b2d101fc"}
,"G:\\github\\forum\\src\\utils\\delegate.js": {"path":"G:\\github\\forum\\src\\utils\\delegate.js","statementMap":{"0":{"start":{"line":2,"column":17},"end":{"line":2,"column":23}},"1":{"start":{"line":3,"column":4},"end":{"line":8,"column":5}},"2":{"start":{"line":4,"column":8},"end":{"line":6,"column":9}},"3":{"start":{"line":5,"column":12},"end":{"line":5,"column":26}},"4":{"start":{"line":7,"column":8},"end":{"line":7,"column":35}},"5":{"start":{"line":9,"column":4},"end":{"line":9,"column":17}},"6":{"start":{"line":14,"column":4},"end":{"line":21,"column":14}},"7":{"start":{"line":15,"column":23},"end":{"line":15,"column":35}},"8":{"start":{"line":16,"column":20},"end":{"line":16,"column":63}},"9":{"start":{"line":17,"column":8},"end":{"line":19,"column":9}},"10":{"start":{"line":18,"column":12},"end":{"line":18,"column":19}},"11":{"start":{"line":20,"column":8},"end":{"line":20,"column":33}}},"fnMap":{"0":{"name":"isParentOfTarget","decl":{"start":{"line":1,"column":16},"end":{"line":1,"column":32}},"loc":{"start":{"line":1,"column":83},"end":{"line":10,"column":1}},"line":1},"1":{"name":"delegate","decl":{"start":{"line":13,"column":16},"end":{"line":13,"column":24}},"loc":{"start":{"line":13,"column":60},"end":{"line":22,"column":1}},"line":13},"2":{"name":"(anonymous_2)","decl":{"start":{"line":14,"column":36},"end":{"line":14,"column":37}},"loc":{"start":{"line":14,"column":52},"end":{"line":21,"column":5}},"line":14}},"branchMap":{"0":{"loc":{"start":{"line":1,"column":51},"end":{"line":1,"column":81}},"type":"default-arg","locations":[{"start":{"line":1,"column":57},"end":{"line":1,"column":81}}],"line":1},"1":{"loc":{"start":{"line":4,"column":8},"end":{"line":6,"column":9}},"type":"if","locations":[{"start":{"line":4,"column":8},"end":{"line":6,"column":9}},{"start":{"line":4,"column":8},"end":{"line":6,"column":9}}],"line":4},"2":{"loc":{"start":{"line":17,"column":8},"end":{"line":19,"column":9}},"type":"if","locations":[{"start":{"line":17,"column":8},"end":{"line":19,"column":9}},{"start":{"line":17,"column":8},"end":{"line":19,"column":9}}],"line":17}},"s":{"0":0,"1":0,"2":0,"3":0,"4":0,"5":0,"6":0,"7":0,"8":0,"9":0,"10":0,"11":0},"f":{"0":0,"1":0,"2":0},"b":{"0":[0],"1":[0,0],"2":[0,0]},"_coverageSchema":"332fd63041d2c1bcb487cc26dd0d5f7d97098a6c","hash":"69cbeca01f94479cf4390126c3bac7176d2bcda0"}
,"G:\\github\\forum\\src\\utils\\index.js": {"path":"G:\\github\\forum\\src\\utils\\index.js","statementMap":{"0":{"start":{"line":1,"column":29},"end":{"line":1,"column":50}}},"fnMap":{},"branchMap":{},"s":{"0":0},"f":{},"b":{}}
}
