TN:
SF:G:\github\forum\src\App.js
FN:12,(anonymous_0)
FNF:1
FNH:1
FNDA:1,(anonymous_0)
DA:13,1
LF:1
LH:1
BRF:0
BRH:0
end_of_record
TN:
SF:G:\github\forum\src\index.js
FN:5,_interopRequireDefault
FNF:1
FNH:0
FNDA:0,_interopRequireDefault
DA:1,0
DA:2,0
DA:3,0
DA:4,0
DA:5,0
DA:7,0
DA:8,0
LF:7
LH:0
BRDA:5,0,0,0
BRDA:5,0,1,0
BRDA:5,1,0,0
BRDA:5,1,1,0
BRF:4
BRH:0
end_of_record
TN:
SF:G:\github\forum\src\registerServiceWorker.js
FN:120,register
FN:124,(anonymous_1)
FN:127,(anonymous_2)
FN:128,registerValidSW
FN:128,(anonymous_4)
FN:128,(anonymous_5)
FN:128,(anonymous_6)
FN:135,(anonymous_7)
FN:135,checkValidServiceWorker
FN:136,(anonymous_9)
FN:138,(anonymous_10)
FN:138,(anonymous_11)
FN:139,(anonymous_12)
FN:139,unregister
FN:139,(anonymous_14)
FNF:15
FNH:0
FNDA:0,register
FNDA:0,(anonymous_1)
FNDA:0,(anonymous_2)
FNDA:0,registerValidSW
FNDA:0,(anonymous_4)
FNDA:0,(anonymous_5)
FNDA:0,(anonymous_6)
FNDA:0,(anonymous_7)
FNDA:0,checkValidServiceWorker
FNDA:0,(anonymous_9)
FNDA:0,(anonymous_10)
FNDA:0,(anonymous_11)
FNDA:0,(anonymous_12)
FNDA:0,unregister
FNDA:0,(anonymous_14)
DA:1,0
DA:21,0
DA:118,0
DA:120,0
DA:121,0
DA:124,0
DA:125,0
DA:127,0
DA:128,0
DA:132,0
DA:135,0
DA:136,0
DA:137,0
DA:138,0
DA:139,0
LF:15
LH:0
BRDA:118,0,0,0
BRDA:118,0,1,0
BRDA:118,0,2,0
BRDA:120,1,0,0
BRDA:120,1,1,0
BRDA:120,2,0,0
BRDA:120,2,1,0
BRDA:121,3,0,0
BRDA:121,3,1,0
BRDA:124,4,0,0
BRDA:124,4,1,0
BRDA:128,5,0,0
BRDA:128,5,1,0
BRDA:128,6,0,0
BRDA:128,6,1,0
BRDA:137,7,0,0
BRDA:137,7,1,0
BRDA:137,8,0,0
BRDA:137,8,1,0
BRDA:139,9,0,0
BRDA:139,9,1,0
BRF:21
BRH:0
end_of_record
TN:
SF:G:\github\forum\src\setupTests.js
FNF:0
FNH:0
DA:4,9
LF:1
LH:1
BRF:0
BRH:0
end_of_record
TN:
SF:G:\github\forum\src\store.js
FNF:0
FNH:0
DA:6,1
DA:20,1
LF:2
LH:2
BRF:0
BRH:0
end_of_record
TN:
SF:G:\github\forum\src\action\discussion.js
FN:5,(anonymous_0)
FN:6,(anonymous_1)
FN:21,(anonymous_2)
FN:27,(anonymous_3)
FN:28,(anonymous_4)
FN:44,(anonymous_5)
FN:50,(anonymous_6)
FN:57,(anonymous_7)
FN:63,(anonymous_8)
FN:70,(anonymous_9)
FN:71,(anonymous_10)
FNF:11
FNH:0
FNDA:0,(anonymous_0)
FNDA:0,(anonymous_1)
FNDA:0,(anonymous_2)
FNDA:0,(anonymous_3)
FNDA:0,(anonymous_4)
FNDA:0,(anonymous_5)
FNDA:0,(anonymous_6)
FNDA:0,(anonymous_7)
FNDA:0,(anonymous_8)
FNDA:0,(anonymous_9)
FNDA:0,(anonymous_10)
DA:5,2
DA:6,0
DA:7,0
DA:8,0
DA:9,0
DA:10,0
DA:12,0
DA:13,0
DA:14,0
DA:17,0
DA:21,2
DA:22,0
DA:27,2
DA:28,0
DA:29,0
DA:30,0
DA:31,0
DA:32,0
DA:34,0
DA:35,0
DA:36,0
DA:39,0
DA:44,2
DA:45,0
DA:50,2
DA:51,0
DA:57,2
DA:58,0
DA:63,2
DA:64,0
DA:70,2
DA:71,0
DA:72,0
DA:73,0
DA:74,0
DA:75,0
DA:77,0
DA:78,0
DA:79,0
DA:82,0
LF:40
LH:8
BRDA:9,0,0,0
BRDA:9,0,1,0
BRDA:13,1,0,0
BRDA:13,1,1,0
BRDA:31,2,0,0
BRDA:31,2,1,0
BRDA:35,3,0,0
BRDA:35,3,1,0
BRDA:74,4,0,0
BRDA:74,4,1,0
BRDA:78,5,0,0
BRDA:78,5,1,0
BRF:12
BRH:0
end_of_record
TN:
SF:G:\github\forum\src\action\feed.js
FN:10,(anonymous_0)
FN:14,(anonymous_1)
FN:19,(anonymous_2)
FN:23,(anonymous_3)
FN:24,(anonymous_4)
FN:41,(anonymous_5)
FN:47,(anonymous_6)
FN:48,(anonymous_7)
FN:64,(anonymous_8)
FNF:9
FNH:9
FNDA:3,(anonymous_0)
FNDA:2,(anonymous_1)
FNDA:3,(anonymous_2)
FNDA:1,(anonymous_3)
FNDA:1,(anonymous_4)
FNDA:2,(anonymous_5)
FNDA:1,(anonymous_6)
FNDA:1,(anonymous_7)
FNDA:2,(anonymous_8)
DA:10,3
DA:14,3
DA:19,3
DA:23,3
DA:24,1
DA:25,1
DA:26,1
DA:27,1
DA:28,0
DA:29,0
DA:31,0
DA:32,0
DA:33,0
DA:36,0
DA:41,3
DA:42,2
DA:47,3
DA:48,1
DA:49,1
DA:50,1
DA:51,0
DA:52,0
DA:54,0
DA:55,0
DA:56,0
DA:59,1
DA:64,3
DA:65,2
LF:28
LH:17
BRDA:28,0,0,0
BRDA:28,0,1,0
BRDA:32,1,0,0
BRDA:32,1,1,0
BRDA:51,2,0,0
BRDA:51,2,1,0
BRDA:55,3,0,0
BRDA:55,3,1,0
BRF:8
BRH:0
end_of_record
TN:
SF:G:\github\forum\src\action\user.js
FN:13,(anonymous_0)
FN:16,(anonymous_1)
FN:19,(anonymous_2)
FN:22,(anonymous_3)
FN:25,(anonymous_4)
FN:28,(anonymous_5)
FN:35,(anonymous_6)
FN:41,(anonymous_7)
FN:44,(anonymous_8)
FN:49,(anonymous_9)
FN:54,(anonymous_10)
FN:55,(anonymous_11)
FN:79,(anonymous_12)
FN:82,(anonymous_13)
FN:86,(anonymous_14)
FN:91,(anonymous_15)
FN:92,(anonymous_16)
FNF:17
FNH:7
FNDA:0,(anonymous_0)
FNDA:0,(anonymous_1)
FNDA:0,(anonymous_2)
FNDA:0,(anonymous_3)
FNDA:0,(anonymous_4)
FNDA:0,(anonymous_5)
FNDA:1,(anonymous_6)
FNDA:1,(anonymous_7)
FNDA:1,(anonymous_8)
FNDA:1,(anonymous_9)
FNDA:0,(anonymous_10)
FNDA:0,(anonymous_11)
FNDA:1,(anonymous_12)
FNDA:1,(anonymous_13)
FNDA:1,(anonymous_14)
FNDA:0,(anonymous_15)
FNDA:0,(anonymous_16)
DA:12,2
DA:14,0
DA:17,0
DA:20,0
DA:23,0
DA:26,0
DA:29,0
DA:35,2
DA:36,1
DA:41,2
DA:44,2
DA:49,2
DA:54,2
DA:55,0
DA:56,0
DA:57,0
DA:58,0
DA:59,0
DA:67,0
DA:68,0
DA:69,0
DA:70,0
DA:72,0
DA:74,0
DA:79,2
DA:82,2
DA:86,2
DA:91,2
DA:92,0
DA:93,0
DA:94,0
DA:95,0
DA:96,0
DA:103,0
DA:104,0
DA:105,0
DA:106,0
DA:108,0
DA:110,0
LF:39
LH:11
BRDA:67,0,0,0
BRDA:67,0,1,0
BRDA:103,1,0,0
BRDA:103,1,1,0
BRF:4
BRH:0
end_of_record
TN:
SF:G:\github\forum\src\compontents\ChangePasswordForm.jsx
FN:4,(anonymous_0)
FNF:1
FNH:0
FNDA:0,(anonymous_0)
DA:4,1
DA:5,0
LF:2
LH:1
BRF:0
BRH:0
end_of_record
TN:
SF:G:\github\forum\src\compontents\FindPasswordForm.jsx
FN:3,(anonymous_0)
FNF:1
FNH:0
FNDA:0,(anonymous_0)
DA:3,1
DA:4,0
DA:5,0
LF:3
LH:1
BRF:0
BRH:0
end_of_record
TN:
SF:G:\github\forum\src\compontents\LoginInForm.jsx
FN:3,(anonymous_0)
FNF:1
FNH:0
FNDA:0,(anonymous_0)
DA:3,1
DA:6,0
DA:7,0
LF:3
LH:1
BRDA:9,0,0,0
BRDA:9,0,1,0
BRF:2
BRH:0
end_of_record
TN:
SF:G:\github\forum\src\compontents\NotFound.jsx
FN:5,(anonymous_0)
FNF:1
FNH:0
FNDA:0,(anonymous_0)
DA:5,1
DA:6,0
LF:2
LH:1
BRF:0
BRH:0
end_of_record
TN:
SF:G:\github\forum\src\compontents\Pagination.jsx
FN:5,(anonymous_0)
FN:20,(anonymous_1)
FNF:2
FNH:1
FNDA:0,(anonymous_0)
FNDA:2,(anonymous_1)
DA:6,0
DA:7,0
DA:8,0
DA:10,0
DA:11,0
DA:13,0
DA:14,0
DA:16,0
DA:17,0
DA:21,2
DA:22,2
DA:23,2
DA:24,2
DA:25,2
DA:26,2
DA:27,2
DA:28,2
DA:37,2
DA:38,2
DA:39,2
LF:20
LH:11
BRDA:8,0,0,0
BRDA:8,0,1,0
BRDA:8,0,2,0
BRDA:23,1,0,2
BRDA:23,1,1,2
BRDA:24,2,0,2
BRDA:24,2,1,0
BRDA:25,3,0,2
BRDA:25,3,1,0
BRDA:26,4,0,2
BRDA:26,4,1,0
BRDA:34,5,0,2
BRDA:34,5,1,0
BRDA:37,6,0,2
BRDA:37,6,1,0
BRDA:38,7,0,2
BRDA:38,7,1,0
BRDA:44,8,0,0
BRDA:44,8,1,2
BRDA:45,9,0,0
BRDA:45,9,1,2
BRDA:51,10,0,0
BRDA:51,10,1,2
BRDA:52,11,0,0
BRDA:52,11,1,2
BRF:25
BRH:12
end_of_record
TN:
SF:G:\github\forum\src\compontents\Post.jsx
FN:3,(anonymous_0)
FN:6,(anonymous_1)
FNF:2
FNH:1
FNDA:2,(anonymous_0)
FNDA:0,(anonymous_1)
DA:3,1
DA:5,2
DA:6,2
DA:7,0
DA:16,2
LF:5
LH:4
BRF:0
BRH:0
end_of_record
TN:
SF:G:\github\forum\src\compontents\PostList.jsx
FN:5,(anonymous_0)
FN:7,(anonymous_1)
FNF:2
FNH:1
FNDA:1,(anonymous_0)
FNDA:0,(anonymous_1)
DA:5,2
DA:6,1
DA:7,1
DA:8,0
DA:9,0
DA:10,0
DA:11,0
DA:13,1
LF:8
LH:4
BRF:0
BRH:0
end_of_record
TN:
SF:G:\github\forum\src\compontents\PublishArea.jsx
FN:4,(anonymous_0)
FN:11,(anonymous_1)
FN:21,(anonymous_2)
FN:28,(anonymous_3)
FN:33,(anonymous_4)
FN:36,(anonymous_5)
FN:42,(anonymous_6)
FNF:7
FNH:6
FNDA:2,(anonymous_0)
FNDA:1,(anonymous_1)
FNDA:0,(anonymous_2)
FNDA:2,(anonymous_3)
FNDA:1,(anonymous_4)
FNDA:1,(anonymous_5)
FNDA:5,(anonymous_6)
DA:5,2
DA:6,2
DA:12,1
DA:13,1
DA:14,1
DA:15,1
DA:16,1
DA:17,1
DA:19,0
DA:20,0
DA:21,0
DA:29,2
DA:30,2
DA:31,2
DA:33,1
DA:34,1
DA:36,1
DA:37,1
DA:39,0
DA:43,5
DA:44,5
DA:45,5
LF:22
LH:18
BRDA:15,0,0,0
BRDA:15,0,1,1
BRDA:15,1,0,0
BRDA:15,1,1,0
BRDA:16,2,0,1
BRDA:16,2,1,0
BRDA:19,3,0,0
BRDA:19,3,1,0
BRDA:31,4,0,1
BRDA:31,4,1,1
BRDA:31,4,2,0
BRDA:50,5,0,2
BRDA:50,5,1,3
BRF:13
BRH:6
end_of_record
TN:
SF:G:\github\forum\src\compontents\SignInForm.jsx
FN:2,(anonymous_0)
FNF:1
FNH:0
FNDA:0,(anonymous_0)
DA:2,1
DA:3,0
DA:4,0
LF:3
LH:1
BRF:0
BRH:0
end_of_record
TN:
SF:G:\github\forum\src\compontents\test\FindPasswordForm.text.js
FN:3,_interopRequireDefault
FN:6,(anonymous_1)
FN:18,(anonymous_2)
FN:22,(anonymous_3)
FN:23,(anonymous_4)
FN:28,(anonymous_5)
FN:29,(anonymous_6)
FN:32,(anonymous_7)
FN:39,(anonymous_8)
FN:57,(anonymous_9)
FN:64,(anonymous_10)
FN:65,(anonymous_11)
FN:76,(anonymous_12)
FNF:13
FNH:0
FNDA:0,_interopRequireDefault
FNDA:0,(anonymous_1)
FNDA:0,(anonymous_2)
FNDA:0,(anonymous_3)
FNDA:0,(anonymous_4)
FNDA:0,(anonymous_5)
FNDA:0,(anonymous_6)
FNDA:0,(anonymous_7)
FNDA:0,(anonymous_8)
FNDA:0,(anonymous_9)
FNDA:0,(anonymous_10)
FNDA:0,(anonymous_11)
FNDA:0,(anonymous_12)
DA:1,0
DA:2,0
DA:3,0
DA:6,0
DA:7,0
DA:11,0
DA:12,0
DA:18,0
DA:19,0
DA:22,0
DA:23,0
DA:24,0
DA:28,0
DA:29,0
DA:31,0
DA:36,0
DA:39,0
DA:40,0
DA:48,0
DA:56,0
DA:60,0
DA:64,0
DA:65,0
DA:66,0
DA:74,0
DA:76,0
DA:77,0
DA:85,0
LF:28
LH:0
BRDA:3,0,0,0
BRDA:3,0,1,0
BRDA:3,1,0,0
BRDA:3,1,1,0
BRF:4
BRH:0
end_of_record
TN:
SF:G:\github\forum\src\compontents\test\LoginInForm.text.js
FN:3,_interopRequireDefault
FN:5,(anonymous_1)
FN:16,(anonymous_2)
FN:20,(anonymous_3)
FN:21,(anonymous_4)
FN:40,(anonymous_5)
FN:41,(anonymous_6)
FN:44,(anonymous_7)
FN:51,(anonymous_8)
FN:69,(anonymous_9)
FN:77,(anonymous_10)
FN:78,(anonymous_11)
FN:89,(anonymous_12)
FNF:13
FNH:0
FNDA:0,_interopRequireDefault
FNDA:0,(anonymous_1)
FNDA:0,(anonymous_2)
FNDA:0,(anonymous_3)
FNDA:0,(anonymous_4)
FNDA:0,(anonymous_5)
FNDA:0,(anonymous_6)
FNDA:0,(anonymous_7)
FNDA:0,(anonymous_8)
FNDA:0,(anonymous_9)
FNDA:0,(anonymous_10)
FNDA:0,(anonymous_11)
FNDA:0,(anonymous_12)
DA:1,0
DA:2,0
DA:3,0
DA:5,0
DA:6,0
DA:9,0
DA:10,0
DA:16,0
DA:17,0
DA:20,0
DA:21,0
DA:22,0
DA:40,0
DA:41,0
DA:43,0
DA:48,0
DA:51,0
DA:52,0
DA:60,0
DA:68,0
DA:73,0
DA:77,0
DA:78,0
DA:79,0
DA:87,0
DA:89,0
DA:90,0
DA:98,0
LF:28
LH:0
BRDA:3,0,0,0
BRDA:3,0,1,0
BRDA:3,1,0,0
BRDA:3,1,1,0
BRF:4
BRH:0
end_of_record
TN:
SF:G:\github\forum\src\constant\ActionTypes.js
FNF:0
FNH:0
DA:2,8
DA:3,8
DA:4,8
DA:5,8
DA:8,8
DA:11,8
DA:12,8
DA:13,8
DA:14,8
DA:17,8
DA:18,8
DA:19,8
DA:22,8
DA:25,8
DA:26,8
DA:27,8
DA:31,8
DA:34,8
DA:38,8
DA:39,8
DA:41,8
DA:42,8
DA:43,8
DA:45,8
DA:47,8
LF:25
LH:25
BRF:0
BRH:0
end_of_record
TN:
SF:G:\github\forum\src\containters\DiscussionPage.jsx
FN:9,(anonymous_0)
FN:15,(anonymous_1)
FN:46,(anonymous_2)
FN:67,(anonymous_3)
FN:87,(anonymous_4)
FN:91,(anonymous_5)
FN:135,mapStateToProps
FNF:7
FNH:0
FNDA:0,(anonymous_0)
FNDA:0,(anonymous_1)
FNDA:0,(anonymous_2)
FNDA:0,(anonymous_3)
FNDA:0,(anonymous_4)
FNDA:0,(anonymous_5)
FNDA:0,mapStateToProps
DA:10,0
DA:11,0
DA:12,0
DA:13,0
DA:16,0
DA:17,0
DA:18,0
DA:19,0
DA:20,0
DA:22,0
DA:23,0
DA:27,0
DA:28,0
DA:35,0
DA:36,0
DA:37,0
DA:38,0
DA:40,0
DA:41,0
DA:43,0
DA:47,0
DA:48,0
DA:49,0
DA:50,0
DA:51,0
DA:52,0
DA:55,0
DA:56,0
DA:57,0
DA:58,0
DA:60,0
DA:61,0
DA:63,0
DA:68,0
DA:69,0
DA:70,0
DA:71,0
DA:72,0
DA:75,0
DA:76,0
DA:77,0
DA:78,0
DA:80,0
DA:81,0
DA:82,0
DA:84,0
DA:88,0
DA:89,0
DA:90,0
DA:91,0
DA:92,0
DA:94,0
DA:101,0
DA:112,0
DA:136,0
LF:55
LH:0
BRDA:18,0,0,0
BRDA:18,0,1,0
BRDA:35,1,0,0
BRDA:35,1,1,0
BRDA:55,2,0,0
BRDA:55,2,1,0
BRDA:75,3,0,0
BRDA:75,3,1,0
BRDA:90,4,0,0
BRDA:90,4,1,0
BRDA:94,5,0,0
BRDA:94,5,1,0
BRDA:94,6,0,0
BRDA:94,6,1,0
BRDA:118,7,0,0
BRDA:118,7,1,0
BRDA:118,8,0,0
BRDA:118,8,1,0
BRF:18
BRH:0
end_of_record
TN:
SF:G:\github\forum\src\containters\Header.jsx
FN:10,(anonymous_0)
FN:22,(anonymous_1)
FN:26,(anonymous_2)
FN:30,(anonymous_3)
FN:31,(anonymous_4)
FN:33,(anonymous_5)
FN:41,(anonymous_6)
FN:50,(anonymous_7)
FN:53,(anonymous_8)
FN:56,(anonymous_9)
FN:61,(anonymous_10)
FN:67,(anonymous_11)
FN:72,(anonymous_12)
FN:82,(anonymous_13)
FN:93,(anonymous_14)
FN:125,(anonymous_15)
FN:165,mapStateToProps
FNF:17
FNH:5
FNDA:1,(anonymous_0)
FNDA:1,(anonymous_1)
FNDA:1,(anonymous_2)
FNDA:0,(anonymous_3)
FNDA:0,(anonymous_4)
FNDA:0,(anonymous_5)
FNDA:0,(anonymous_6)
FNDA:0,(anonymous_7)
FNDA:0,(anonymous_8)
FNDA:0,(anonymous_9)
FNDA:0,(anonymous_10)
FNDA:0,(anonymous_11)
FNDA:0,(anonymous_12)
FNDA:0,(anonymous_13)
FNDA:0,(anonymous_14)
FNDA:2,(anonymous_15)
FNDA:2,mapStateToProps
DA:11,1
DA:12,1
DA:23,1
DA:24,1
DA:27,1
DA:28,1
DA:31,0
DA:34,0
DA:35,0
DA:37,0
DA:42,0
DA:43,0
DA:45,0
DA:51,0
DA:54,0
DA:57,0
DA:58,0
DA:59,0
DA:62,0
DA:68,0
DA:69,0
DA:70,0
DA:72,0
DA:73,0
DA:80,0
DA:82,0
DA:83,0
DA:90,0
DA:94,0
DA:95,0
DA:96,0
DA:97,0
DA:98,0
DA:102,0
DA:109,0
DA:110,0
DA:111,0
DA:113,0
DA:114,0
DA:115,0
DA:122,0
DA:126,2
DA:127,2
DA:128,2
DA:166,2
LF:45
LH:10
BRDA:34,0,0,0
BRDA:34,0,1,0
BRDA:42,1,0,0
BRDA:42,1,1,0
BRDA:70,2,0,0
BRDA:70,2,1,0
BRDA:109,3,0,0
BRDA:109,3,1,0
BRDA:130,4,0,2
BRDA:130,4,1,0
BRDA:134,5,0,0
BRDA:134,5,1,2
BRDA:142,6,0,0
BRDA:142,6,1,2
BRDA:150,7,0,0
BRDA:150,7,1,2
BRF:16
BRH:4
end_of_record
TN:
SF:G:\github\forum\src\containters\Main.js
FN:9,(anonymous_0)
FN:14,(anonymous_1)
FN:19,(anonymous_2)
FN:53,(anonymous_3)
FN:82,mapStateToProp
FNF:5
FNH:3
FNDA:1,(anonymous_0)
FNDA:0,(anonymous_1)
FNDA:0,(anonymous_2)
FNDA:2,(anonymous_3)
FNDA:2,mapStateToProp
DA:10,1
DA:11,1
DA:12,1
DA:15,0
DA:16,0
DA:17,0
DA:20,0
DA:21,0
DA:22,0
DA:23,0
DA:25,0
DA:26,0
DA:31,0
DA:32,0
DA:39,0
DA:40,0
DA:41,0
DA:42,0
DA:44,0
DA:45,0
DA:46,0
DA:47,0
DA:49,0
DA:54,2
DA:55,2
DA:83,2
LF:26
LH:6
BRDA:21,0,0,0
BRDA:21,0,1,0
BRDA:39,1,0,0
BRDA:39,1,1,0
BRF:4
BRH:0
end_of_record
TN:
SF:G:\github\forum\src\containters\SignIn.jsx
FN:8,(anonymous_0)
FN:32,(anonymous_1)
FN:37,(anonymous_2)
FN:47,(anonymous_3)
FN:57,(anonymous_4)
FN:67,(anonymous_5)
FN:80,(anonymous_6)
FN:85,(anonymous_7)
FN:95,(anonymous_8)
FN:108,(anonymous_9)
FN:113,(anonymous_10)
FN:123,(anonymous_11)
FN:133,(anonymous_12)
FN:143,(anonymous_13)
FN:153,(anonymous_14)
FN:166,(anonymous_15)
FN:172,(anonymous_16)
FN:196,(anonymous_17)
FN:206,(anonymous_18)
FN:209,(anonymous_19)
FN:216,(anonymous_20)
FN:219,(anonymous_21)
FN:226,(anonymous_22)
FNF:23
FNH:0
FNDA:0,(anonymous_0)
FNDA:0,(anonymous_1)
FNDA:0,(anonymous_2)
FNDA:0,(anonymous_3)
FNDA:0,(anonymous_4)
FNDA:0,(anonymous_5)
FNDA:0,(anonymous_6)
FNDA:0,(anonymous_7)
FNDA:0,(anonymous_8)
FNDA:0,(anonymous_9)
FNDA:0,(anonymous_10)
FNDA:0,(anonymous_11)
FNDA:0,(anonymous_12)
FNDA:0,(anonymous_13)
FNDA:0,(anonymous_14)
FNDA:0,(anonymous_15)
FNDA:0,(anonymous_16)
FNDA:0,(anonymous_17)
FNDA:0,(anonymous_18)
FNDA:0,(anonymous_19)
FNDA:0,(anonymous_20)
FNDA:0,(anonymous_21)
FNDA:0,(anonymous_22)
DA:9,0
DA:10,0
DA:33,0
DA:34,0
DA:35,0
DA:37,0
DA:38,0
DA:45,0
DA:47,0
DA:48,0
DA:55,0
DA:57,0
DA:58,0
DA:65,0
DA:67,0
DA:68,0
DA:75,0
DA:77,0
DA:81,0
DA:82,0
DA:83,0
DA:85,0
DA:86,0
DA:93,0
DA:95,0
DA:96,0
DA:103,0
DA:105,0
DA:109,0
DA:110,0
DA:111,0
DA:113,0
DA:114,0
DA:121,0
DA:123,0
DA:124,0
DA:131,0
DA:133,0
DA:134,0
DA:141,0
DA:143,0
DA:144,0
DA:151,0
DA:153,0
DA:154,0
DA:161,0
DA:163,0
DA:167,0
DA:168,0
DA:169,0
DA:173,0
DA:174,0
DA:175,0
DA:176,0
DA:177,0
DA:184,0
DA:185,0
DA:186,0
DA:187,0
DA:189,0
DA:190,0
DA:192,0
DA:197,0
DA:198,0
DA:199,0
DA:200,0
DA:201,0
DA:202,0
DA:204,0
DA:207,0
DA:208,0
DA:209,0
DA:210,0
DA:217,0
DA:218,0
DA:219,0
DA:220,0
DA:227,0
DA:228,0
LF:79
LH:0
BRDA:35,0,0,0
BRDA:35,0,1,0
BRDA:35,0,2,0
BRDA:35,0,3,0
BRDA:35,0,4,0
BRDA:83,1,0,0
BRDA:83,1,1,0
BRDA:83,1,2,0
BRDA:111,2,0,0
BRDA:111,2,1,0
BRDA:111,2,2,0
BRDA:111,2,3,0
BRDA:111,2,4,0
BRDA:111,2,5,0
BRDA:184,3,0,0
BRDA:184,3,1,0
BRDA:200,4,0,0
BRDA:200,4,1,0
BRDA:208,5,0,0
BRDA:208,5,1,0
BRDA:218,6,0,0
BRDA:218,6,1,0
BRDA:230,7,0,0
BRDA:230,7,1,0
BRDA:249,8,0,0
BRDA:249,8,1,0
BRDA:249,9,0,0
BRDA:249,9,1,0
BRF:28
BRH:0
end_of_record
TN:
SF:G:\github\forum\src\reducer\discussion.js
FN:10,(anonymous_0)
FNF:1
FNH:1
FNDA:11,(anonymous_0)
DA:6,2
DA:10,2
DA:11,11
DA:13,1
DA:18,1
DA:23,1
DA:28,1
DA:33,1
DA:38,6
LF:9
LH:9
BRDA:10,0,0,4
BRDA:11,1,0,1
BRDA:11,1,1,1
BRDA:11,1,2,1
BRDA:11,1,3,1
BRDA:11,1,4,1
BRDA:11,1,5,6
BRF:7
BRH:7
end_of_record
TN:
SF:G:\github\forum\src\reducer\feed.js
FN:8,(anonymous_0)
FNF:1
FNH:1
FNDA:9,(anonymous_0)
DA:3,2
DA:8,2
DA:9,9
DA:11,1
DA:16,1
DA:21,1
DA:26,6
LF:7
LH:7
BRDA:8,0,0,3
BRDA:9,1,0,1
BRDA:9,1,1,1
BRDA:9,1,2,1
BRDA:9,1,3,6
BRF:5
BRH:5
end_of_record
TN:
SF:G:\github\forum\src\reducer\index.js
FNF:0
FNH:0
DA:6,1
LF:1
LH:1
BRF:0
BRH:0
end_of_record
TN:
SF:G:\github\forum\src\reducer\user.js
FN:8,(anonymous_0)
FNF:1
FNH:1
FNDA:10,(anonymous_0)
DA:8,2
DA:9,10
DA:11,1
DA:14,1
DA:19,1
DA:24,1
DA:29,1
DA:34,5
LF:8
LH:8
BRDA:8,0,0,2
BRDA:9,1,0,1
BRDA:9,1,1,1
BRDA:9,1,2,1
BRDA:9,1,3,1
BRDA:9,1,4,1
BRDA:9,1,5,5
BRF:7
BRH:7
end_of_record
TN:
SF:G:\github\forum\src\utils\delegate.js
FN:1,isParentOfTarget
FN:13,delegate
FN:14,(anonymous_2)
FNF:3
FNH:0
FNDA:0,isParentOfTarget
FNDA:0,delegate
FNDA:0,(anonymous_2)
DA:2,0
DA:3,0
DA:4,0
DA:5,0
DA:7,0
DA:9,0
DA:14,0
DA:15,0
DA:16,0
DA:17,0
DA:18,0
DA:20,0
LF:12
LH:0
BRDA:1,0,0,0
BRDA:4,1,0,0
BRDA:4,1,1,0
BRDA:17,2,0,0
BRDA:17,2,1,0
BRF:5
BRH:0
end_of_record
TN:
SF:G:\github\forum\src\utils\index.js
FNF:0
FNH:0
DA:1,0
LF:1
LH:0
BRF:0
BRH:0
end_of_record
